<!DOCTYPE html>
<html>
<head>
    <meta charset="utf-8">
    <title>ECMAScript 6 compatibility table - TypeScript test page</title>
    <link rel="stylesheet" href="https://fonts.googleapis.com/css?family=Open+Sans:300,600">
    <link rel="stylesheet" href="../../master.css">
    <script src="https://ajax.googleapis.com/ajax/libs/jquery/1.11.1/jquery.min.js"></script>
    <script src="../../master.js"></script>
    
    <script>
      function __createIterableObject(a, b, c) {
        try {
          return eval("(function*() { yield a; yield b; yield c; }())");
        }
        catch (e) {
          var arr = [a, b, c, ,];
          var iterable = {
            next: function() {
              return { value: arr.shift(), done: arr.length <= 0 }; 
            },
          };
          iterable[Symbol.iterator] = function(){ return iterable; }
          return iterable;
        }
      }
    </script>
</head>
<body class="es6">
  <div id="header">
    <h1>
      <span title="ECMA-262">ECMAScript</span> 6 compatibility table - <a href="https://www.typescriptlang.org/">TypeScript</a> test page

      <p style="margin:left; font-size:0.9em;">
          <a href="../index.html">← Back to the main table</a>
        </p>
    </h1>
  </div>
  <div id="body">
    <p class="warning">Please note that <em>some</em> compiled output <strong>may be buggy</strong> or not representative of the compiler's true support.</p>
      
    <table id="table-wrapper" style="width:50%;">
      <colgroup>
        <col>
        <col class="this-browser-col">
      </colgroup>
      <thead>
        <tr>
          <th class="test-name">Feature name</th>
          <th class="current"><a href="https://www.typescriptlang.org/">TypeScript</a> + current browser's native support</th>
          <th></th>
          
        </tr>
      </thead>
      <tbody>
        <tr>
          <td id="proper_tail_calls_(tail_call_optimisation)"><span><a class="anchor" href="#proper_tail_calls_(tail_call_optimisation)">&sect;</a><a href="https://people.mozilla.org/~jorendorff/es6-draft.html#sec-tail-position-calls">proper tail calls (tail call optimisation)</a></span></td>
<script data-source="(function () {
    &quot;use strict&quot;;
    return (function f(n) {
        if (n <= 0) {
            return &quot;foo&quot;;
        }
        return f(n - 1);
    }(1e6)) === &quot;foo&quot;;
});
">
test(function(){try{return eval("(function () {\n    \"use strict\";\n    return (function f(n) {\n        if (n <= 0) {\n            return \"foo\";\n        }\n        return f(n - 1);\n    }(1e6)) === \"foo\";\n});\n")()}catch(e){return false;}}());
</script>

        </tr>
        <tr class="supertest">
          <td id="arrow_functions"><span><a class="anchor" href="#arrow_functions">&sect;</a><a href="https://people.mozilla.org/~jorendorff/es6-draft.html#sec-arrow-function-definitions">arrow functions</a></span></td>

        <tr class="subtest" data-parent="arrow_functions">
          <td><span>0 parameters</span></td>
<script data-source="(function () {
    return (function () { return 5; })() === 5;
});
">
test(function(){try{return eval("(function () {\n    return (function () { return 5; })() === 5;\n});\n")()}catch(e){return false;}}());
</script>

        <tr class="subtest" data-parent="arrow_functions">
          <td><span>1 parameter, no brackets</span></td>
<script data-source="(function () {
    var b = function (x) { return x + &quot;foo&quot;; };
    return (b(&quot;fee fie foe &quot;) === &quot;fee fie foe foo&quot;);
});
">
test(function(){try{return eval("(function () {\n    var b = function (x) { return x + \"foo\"; };\n    return (b(\"fee fie foe \") === \"fee fie foe foo\");\n});\n")()}catch(e){return false;}}());
</script>

        <tr class="subtest" data-parent="arrow_functions">
          <td><span>multiple parameters</span></td>
<script data-source="(function () {
    var c = function (v, w, x, y, z) { return &quot;&quot; + v + w + x + y + z; };
    return (c(6, 5, 4, 3, 2) === &quot;65432&quot;);
});
">
test(function(){try{return eval("(function () {\n    var c = function (v, w, x, y, z) { return \"\" + v + w + x + y + z; };\n    return (c(6, 5, 4, 3, 2) === \"65432\");\n});\n")()}catch(e){return false;}}());
</script>

        <tr class="subtest" data-parent="arrow_functions">
          <td><span>lexical "this" binding</span></td>
<script data-source="(function () {
    var d = { x: &quot;bar&quot;, y: function () {
        var _this = this;
        return function (z) { return _this.x + z; };
    } }.y();
    var e = { x: &quot;baz&quot;, y: d };
    return d(&quot;ley&quot;) === &quot;barley&quot; && e.y(&quot;ley&quot;) === &quot;barley&quot;;
});
">
test(function(){try{return eval("(function () {\n    var d = { x: \"bar\", y: function () {\n        var _this = this;\n        return function (z) { return _this.x + z; };\n    } }.y();\n    var e = { x: \"baz\", y: d };\n    return d(\"ley\") === \"barley\" && e.y(\"ley\") === \"barley\";\n});\n")()}catch(e){return false;}}());
</script>

        <tr class="subtest" data-parent="arrow_functions">
          <td><span>"this" unchanged by call or apply</span></td>
<script data-source="(function () {
    var d = { x: &quot;foo&quot;, y: function () {
        var _this = this;
        return function () { return _this.x; };
    } };
    var e = { x: &quot;bar&quot; };
    return d.y().call(e) === &quot;foo&quot; && d.y().apply(e) === &quot;foo&quot;;
});
">
test(function(){try{return eval("(function () {\n    var d = { x: \"foo\", y: function () {\n        var _this = this;\n        return function () { return _this.x; };\n    } };\n    var e = { x: \"bar\" };\n    return d.y().call(e) === \"foo\" && d.y().apply(e) === \"foo\";\n});\n")()}catch(e){return false;}}());
</script>

        <tr class="subtest" data-parent="arrow_functions">
          <td><span>can't be bound, can be curried</span></td>
<script data-source="(function () {
    var d = { x: &quot;bar&quot;, y: function () {
        var _this = this;
        return function (z) { return _this.x + z; };
    } };
    var e = { x: &quot;baz&quot; };
    return d.y().bind(e, &quot;ley&quot;)() === &quot;barley&quot;;
});
">
test(function(){try{return eval("(function () {\n    var d = { x: \"bar\", y: function () {\n        var _this = this;\n        return function (z) { return _this.x + z; };\n    } };\n    var e = { x: \"baz\" };\n    return d.y().bind(e, \"ley\")() === \"barley\";\n});\n")()}catch(e){return false;}}());
</script>

        <tr class="subtest" data-parent="arrow_functions">
          <td><span>lexical "arguments" binding</span></td>
<script data-source="/* Error during compilation: 
(2,10): error TS2346: Supplied parameters do not match any signature of call target.
*/">
test(function(){try{return Function("/* Error during compilation: \n(2,10): error TS2346: Supplied parameters do not match any signature of call target.\n*/")()}catch(e){return false;}}());
</script>

        <tr class="subtest" data-parent="arrow_functions">
          <td><span>no line break between params and <code>=></code></span></td>
<script data-source="/* Error during compilation: This test's code invokes eval() and cannot be compiled.*/">
test(function(){try{return Function("/* Error during compilation: This test's code invokes eval() and cannot be compiled.*/")()}catch(e){return false;}}());
</script>

        <tr class="subtest" data-parent="arrow_functions">
          <td><span>no "prototype" property</span></td>
<script data-source="(function () {
    var a = function () { return 5; };
    return !a.hasOwnProperty(&quot;prototype&quot;);
});
">
test(function(){try{return eval("(function () {\n    var a = function () { return 5; };\n    return !a.hasOwnProperty(\"prototype\");\n});\n")()}catch(e){return false;}}());
</script>

        </tr>
        <tr class="supertest">
          <td id="const"><span><a class="anchor" href="#const">&sect;</a><a href="https://people.mozilla.org/~jorendorff/es6-draft.html#sec-let-and-const-declarations">const</a></span></td>

        <tr class="subtest" data-parent="const">
          <td><span>basic support</span></td>
<script data-source="/* Error during compilation: 
(2,1): error TS1129: Statement expected.
*/">
test(function(){try{return Function("/* Error during compilation: \n(2,1): error TS1129: Statement expected.\n*/")()}catch(e){return false;}}());
</script>

        <tr class="subtest" data-parent="const">
          <td><span>is block-scoped</span></td>
<script data-source="/* Error during compilation: 
(2,3): error TS1129: Statement expected.
*/">
test(function(){try{return Function("/* Error during compilation: \n(2,3): error TS1129: Statement expected.\n*/")()}catch(e){return false;}}());
</script>

        <tr class="subtest" data-parent="const">
          <td><span>redefining a const is a syntax error</span></td>
<script data-source="/* Error during compilation: This test's code invokes eval() and cannot be compiled.*/">
test(function(){try{return Function("/* Error during compilation: This test's code invokes eval() and cannot be compiled.*/")()}catch(e){return false;}}());
</script>

        <tr class="subtest" data-parent="const">
          <td><span>temporal dead zone</span></td>
<script data-source="/* Error during compilation: 
(3,1): error TS1129: Statement expected.
*/">
test(function(){try{return Function("/* Error during compilation: \n(3,1): error TS1129: Statement expected.\n*/")()}catch(e){return false;}}());
</script>

        <tr class="subtest" data-parent="const">
          <td><span>basic support (strict mode)</span></td>
<script data-source="/* Error during compilation: 
(3,1): error TS1129: Statement expected.
*/">
test(function(){try{return Function("/* Error during compilation: \n(3,1): error TS1129: Statement expected.\n*/")()}catch(e){return false;}}());
</script>

        <tr class="subtest" data-parent="const">
          <td><span>is block-scoped (strict mode)</span></td>
<script data-source="/* Error during compilation: 
(3,3): error TS1129: Statement expected.
*/">
test(function(){try{return Function("/* Error during compilation: \n(3,3): error TS1129: Statement expected.\n*/")()}catch(e){return false;}}());
</script>

        <tr class="subtest" data-parent="const">
          <td><span>redefining a const (strict mode)</span></td>
<script data-source="/* Error during compilation: This test's code invokes eval() and cannot be compiled.*/">
test(function(){try{return Function("/* Error during compilation: This test's code invokes eval() and cannot be compiled.*/")()}catch(e){return false;}}());
</script>

        <tr class="subtest" data-parent="const">
          <td><span>temporal dead zone (strict mode)</span></td>
<script data-source="/* Error during compilation: 
(4,1): error TS1129: Statement expected.
*/">
test(function(){try{return Function("/* Error during compilation: \n(4,1): error TS1129: Statement expected.\n*/")()}catch(e){return false;}}());
</script>

        </tr>
        <tr class="supertest">
          <td id="let"><span><a class="anchor" href="#let">&sect;</a><a href="https://people.mozilla.org/~jorendorff/es6-draft.html#sec-let-and-const-declarations">let</a></span></td>

        <tr class="subtest" data-parent="let">
          <td><span>basic support</span></td>
<script data-source="/* Error during compilation: 
(2,5): error TS1005: ';' expected.
*/">
test(function(){try{return Function("/* Error during compilation: \n(2,5): error TS1005: ';' expected.\n*/")()}catch(e){return false;}}());
</script>

        <tr class="subtest" data-parent="let">
          <td><span>is block-scoped</span></td>
<script data-source="/* Error during compilation: 
(2,7): error TS1005: ';' expected.
*/">
test(function(){try{return Function("/* Error during compilation: \n(2,7): error TS1005: ';' expected.\n*/")()}catch(e){return false;}}());
</script>

        <tr class="subtest" data-parent="let">
          <td><span>for-loop statement scope</span></td>
<script data-source="/* Error during compilation: 
(2,9): error TS1005: ';' expected.
(2,23): error TS1005: ')' expected.
(2,30): error TS1005: ';' expected.
*/">
test(function(){try{return Function("/* Error during compilation: \n(2,9): error TS1005: ';' expected.\n(2,23): error TS1005: ')' expected.\n(2,30): error TS1005: ';' expected.\n*/")()}catch(e){return false;}}());
</script>

        <tr class="subtest" data-parent="let">
          <td><span>temporal dead zone</span></td>
<script data-source="/* Error during compilation: 
(3,5): error TS1005: ';' expected.
*/">
test(function(){try{return Function("/* Error during compilation: \n(3,5): error TS1005: ';' expected.\n*/")()}catch(e){return false;}}());
</script>

        <tr class="subtest" data-parent="let">
          <td><span>for-loop iteration scope</span></td>
<script data-source="/* Error during compilation: 
(2,5): error TS1005: ';' expected.
(3,9): error TS1005: ';' expected.
(3,21): error TS1005: ')' expected.
(3,26): error TS1005: ';' expected.
(6,5): error TS1005: ';' expected.
(9,9): error TS1005: ';' expected.
(9,26): error TS1005: ';' expected.
*/">
test(function(){try{return Function("/* Error during compilation: \n(2,5): error TS1005: ';' expected.\n(3,9): error TS1005: ';' expected.\n(3,21): error TS1005: ')' expected.\n(3,26): error TS1005: ';' expected.\n(6,5): error TS1005: ';' expected.\n(9,9): error TS1005: ';' expected.\n(9,26): error TS1005: ';' expected.\n*/")()}catch(e){return false;}}());
</script>

        <tr class="subtest" data-parent="let">
          <td><span>basic support (strict mode)</span></td>
<script data-source="/* Error during compilation: 
(3,1): error TS1129: Statement expected.
*/">
test(function(){try{return Function("/* Error during compilation: \n(3,1): error TS1129: Statement expected.\n*/")()}catch(e){return false;}}());
</script>

        <tr class="subtest" data-parent="let">
          <td><span>is block-scoped (strict mode)</span></td>
<script data-source="/* Error during compilation: 
(3,3): error TS1129: Statement expected.
*/">
test(function(){try{return Function("/* Error during compilation: \n(3,3): error TS1129: Statement expected.\n*/")()}catch(e){return false;}}());
</script>

        <tr class="subtest" data-parent="let">
          <td><span>for-loop statement scope (strict mode)</span></td>
<script data-source="/* Error during compilation: 
(3,5): error TS1109: Expression expected.
(3,30): error TS1005: ';' expected.
*/">
test(function(){try{return Function("/* Error during compilation: \n(3,5): error TS1109: Expression expected.\n(3,30): error TS1005: ';' expected.\n*/")()}catch(e){return false;}}());
</script>

        <tr class="subtest" data-parent="let">
          <td><span>temporal dead zone (strict mode)</span></td>
<script data-source="/* Error during compilation: 
(4,1): error TS1129: Statement expected.
*/">
test(function(){try{return Function("/* Error during compilation: \n(4,1): error TS1129: Statement expected.\n*/")()}catch(e){return false;}}());
</script>

        <tr class="subtest" data-parent="let">
          <td><span>for-loop iteration scope (strict mode)</span></td>
<script data-source="/* Error during compilation: 
(3,1): error TS1129: Statement expected.
(4,5): error TS1109: Expression expected.
(4,26): error TS1005: ';' expected.
(7,1): error TS1129: Statement expected.
(10,5): error TS1109: Expression expected.
(10,26): error TS1005: ';' expected.
*/">
test(function(){try{return Function("/* Error during compilation: \n(3,1): error TS1129: Statement expected.\n(4,5): error TS1109: Expression expected.\n(4,26): error TS1005: ';' expected.\n(7,1): error TS1129: Statement expected.\n(10,5): error TS1109: Expression expected.\n(10,26): error TS1005: ';' expected.\n*/")()}catch(e){return false;}}());
</script>

        </tr>
        <tr class="supertest">
          <td id="default_function_parameters"><span><a class="anchor" href="#default_function_parameters">&sect;</a><a href="https://people.mozilla.org/~jorendorff/es6-draft.html#sec-functiondeclarationinstantiation">default function parameters</a></span></td>

        <tr class="subtest" data-parent="default_function_parameters">
          <td><span>basic functionality</span></td>
<script data-source="(function () {
    return (function (a, b) {
        if (a === void 0) { a = 1; }
        if (b === void 0) { b = 2; }
        return a === 3 && b === 2;
    }(3));
});
">
test(function(){try{return eval("(function () {\n    return (function (a, b) {\n        if (a === void 0) { a = 1; }\n        if (b === void 0) { b = 2; }\n        return a === 3 && b === 2;\n    }(3));\n});\n")()}catch(e){return false;}}());
</script>

        <tr class="subtest" data-parent="default_function_parameters">
          <td><span>explicit undefined defers to the default</span></td>
<script data-source="(function () {
    return (function (a, b) {
        if (a === void 0) { a = 1; }
        if (b === void 0) { b = 2; }
        return a === 1 && b === 3;
    }(undefined, 3));
});
">
test(function(){try{return eval("(function () {\n    return (function (a, b) {\n        if (a === void 0) { a = 1; }\n        if (b === void 0) { b = 2; }\n        return a === 1 && b === 3;\n    }(undefined, 3));\n});\n")()}catch(e){return false;}}());
</script>

        <tr class="subtest" data-parent="default_function_parameters">
          <td><span>defaults can refer to previous params</span></td>
<script data-source="(function () {
    return (function (a, b) {
        if (b === void 0) { b = a; }
        return b === 5;
    }(5));
});
">
test(function(){try{return eval("(function () {\n    return (function (a, b) {\n        if (b === void 0) { b = a; }\n        return b === 5;\n    }(5));\n});\n")()}catch(e){return false;}}());
</script>

        <tr class="subtest" data-parent="default_function_parameters">
          <td><span>temporal dead zone</span></td>
<script data-source="/* Error during compilation: This test's code invokes eval() and cannot be compiled.*/">
test(function(){try{return Function("/* Error during compilation: This test's code invokes eval() and cannot be compiled.*/")()}catch(e){return false;}}());
</script>

        </tr>
        <tr>
          <td id="rest_parameters"><span><a class="anchor" href="#rest_parameters">&sect;</a><a href="https://people.mozilla.org/~jorendorff/es6-draft.html#sec-function-definitions">rest parameters</a></span></td>
<script data-source="(function () {
    return (function () {
        var args = [];
        for (var _i = 0; _i < arguments.length; _i++) {
            args[_i - 0] = arguments[_i];
        }
        return typeof args !== &quot;undefined&quot;;
    }());
});
">
test(function(){try{return eval("(function () {\n    return (function () {\n        var args = [];\n        for (var _i = 0; _i < arguments.length; _i++) {\n            args[_i - 0] = arguments[_i];\n        }\n        return typeof args !== \"undefined\";\n    }());\n});\n")()}catch(e){return false;}}());
</script>

        </tr>
        <tr class="supertest">
          <td id="spread_(...)_operator"><span><a class="anchor" href="#spread_(...)_operator">&sect;</a><a href="https://people.mozilla.org/~jorendorff/es6-draft.html#sec-argument-lists-runtime-semantics-argumentlistevaluation">spread (...) operator</a></span></td>

        <tr class="subtest" data-parent="spread_(...)_operator">
          <td><span>with arrays, in function calls</span></td>
<script data-source="/* Error during compilation: 
(2,17): error TS1135: Argument expression expected.
*/">
test(function(){try{return Function("/* Error during compilation: \n(2,17): error TS1135: Argument expression expected.\n*/")()}catch(e){return false;}}());
</script>

        <tr class="subtest" data-parent="spread_(...)_operator">
          <td><span>with arrays, in array literals</span></td>
<script data-source="/* Error during compilation: 
(2,9): error TS1137: Expression or comma expected.
*/">
test(function(){try{return Function("/* Error during compilation: \n(2,9): error TS1137: Expression or comma expected.\n*/")()}catch(e){return false;}}());
</script>

        <tr class="subtest" data-parent="spread_(...)_operator">
          <td><span>with strings, in function calls</span></td>
<script data-source="/* Error during compilation: 
(2,17): error TS1135: Argument expression expected.
*/">
test(function(){try{return Function("/* Error during compilation: \n(2,17): error TS1135: Argument expression expected.\n*/")()}catch(e){return false;}}());
</script>

        <tr class="subtest" data-parent="spread_(...)_operator">
          <td><span>with strings, in array literals</span></td>
<script data-source="/* Error during compilation: 
(2,14): error TS1137: Expression or comma expected.
*/">
test(function(){try{return Function("/* Error during compilation: \n(2,14): error TS1137: Expression or comma expected.\n*/")()}catch(e){return false;}}());
</script>

        <tr class="subtest" data-parent="spread_(...)_operator">
          <td><span>with generic iterables, in calls</span></td>
<script data-source="/* Error during compilation: 
(3,17): error TS1135: Argument expression expected.
*/">
test(function(){try{return Function("/* Error during compilation: \n(3,17): error TS1135: Argument expression expected.\n*/")()}catch(e){return false;}}());
</script>

        <tr class="subtest" data-parent="spread_(...)_operator">
          <td><span>with generic iterables, in arrays</span></td>
<script data-source="/* Error during compilation: 
(3,14): error TS1137: Expression or comma expected.
*/">
test(function(){try{return Function("/* Error during compilation: \n(3,14): error TS1137: Expression or comma expected.\n*/")()}catch(e){return false;}}());
</script>

        <tr class="subtest" data-parent="spread_(...)_operator">
          <td><span>with instances of iterables, in calls</span></td>
<script data-source="/* Error during compilation: 
(3,17): error TS1135: Argument expression expected.
*/">
test(function(){try{return Function("/* Error during compilation: \n(3,17): error TS1135: Argument expression expected.\n*/")()}catch(e){return false;}}());
</script>

        <tr class="subtest" data-parent="spread_(...)_operator">
          <td><span>with instances of iterables, in arrays</span></td>
<script data-source="/* Error during compilation: 
(3,14): error TS1137: Expression or comma expected.
*/">
test(function(){try{return Function("/* Error during compilation: \n(3,14): error TS1137: Expression or comma expected.\n*/")()}catch(e){return false;}}());
</script>

        </tr>
        <tr class="supertest">
          <td id="class"><span><a class="anchor" href="#class">&sect;</a><a href="https://people.mozilla.org/~jorendorff/es6-draft.html#sec-class-definitions">class</a></span></td>

        <tr class="subtest" data-parent="class">
          <td><span>class statement</span></td>
<script data-source="/* Error during compilation: 
(2,1): error TS1129: Statement expected.
(3,1): error TS1108: A 'return' statement can only be used within a function body.
(4,7): error TS1128: Declaration or statement expected.
(4,8): error TS1128: Declaration or statement expected.
*/">
test(function(){try{return Function("/* Error during compilation: \n(2,1): error TS1129: Statement expected.\n(3,1): error TS1108: A 'return' statement can only be used within a function body.\n(4,7): error TS1128: Declaration or statement expected.\n(4,8): error TS1128: Declaration or statement expected.\n*/")()}catch(e){return false;}}());
</script>

        <tr class="subtest" data-parent="class">
          <td><span>is block-scoped</span></td>
<script data-source="/* Error during compilation: 
(2,1): error TS1129: Statement expected.
(4,3): error TS1129: Statement expected.
(5,1): error TS1128: Declaration or statement expected.
(6,1): error TS1108: A 'return' statement can only be used within a function body.
(7,7): error TS1128: Declaration or statement expected.
(7,8): error TS1128: Declaration or statement expected.
*/">
test(function(){try{return Function("/* Error during compilation: \n(2,1): error TS1129: Statement expected.\n(4,3): error TS1129: Statement expected.\n(5,1): error TS1128: Declaration or statement expected.\n(6,1): error TS1108: A 'return' statement can only be used within a function body.\n(7,7): error TS1128: Declaration or statement expected.\n(7,8): error TS1128: Declaration or statement expected.\n*/")()}catch(e){return false;}}());
</script>

        <tr class="subtest" data-parent="class">
          <td><span>class expression</span></td>
<script data-source="/* Error during compilation: 
(2,15): error TS1109: Expression expected.
(2,26): error TS1128: Declaration or statement expected.
(3,7): error TS1128: Declaration or statement expected.
(3,8): error TS1128: Declaration or statement expected.
*/">
test(function(){try{return Function("/* Error during compilation: \n(2,15): error TS1109: Expression expected.\n(2,26): error TS1128: Declaration or statement expected.\n(3,7): error TS1128: Declaration or statement expected.\n(3,8): error TS1128: Declaration or statement expected.\n*/")()}catch(e){return false;}}());
</script>

        <tr class="subtest" data-parent="class">
          <td><span>constructor</span></td>
<script data-source="/* Error during compilation: 
(2,1): error TS1129: Statement expected.
(5,1): error TS1108: A 'return' statement can only be used within a function body.
(7,7): error TS1128: Declaration or statement expected.
(7,8): error TS1128: Declaration or statement expected.
*/">
test(function(){try{return Function("/* Error during compilation: \n(2,1): error TS1129: Statement expected.\n(5,1): error TS1108: A 'return' statement can only be used within a function body.\n(7,7): error TS1128: Declaration or statement expected.\n(7,8): error TS1128: Declaration or statement expected.\n*/")()}catch(e){return false;}}());
</script>

        <tr class="subtest" data-parent="class">
          <td><span>prototype methods</span></td>
<script data-source="/* Error during compilation: 
(2,1): error TS1129: Statement expected.
(6,1): error TS1108: A 'return' statement can only be used within a function body.
(8,7): error TS1128: Declaration or statement expected.
(8,8): error TS1128: Declaration or statement expected.
*/">
test(function(){try{return Function("/* Error during compilation: \n(2,1): error TS1129: Statement expected.\n(6,1): error TS1108: A 'return' statement can only be used within a function body.\n(8,7): error TS1128: Declaration or statement expected.\n(8,8): error TS1128: Declaration or statement expected.\n*/")()}catch(e){return false;}}());
</script>

        <tr class="subtest" data-parent="class">
          <td><span>static methods</span></td>
<script data-source="/* Error during compilation: 
(2,1): error TS1129: Statement expected.
(6,1): error TS1108: A 'return' statement can only be used within a function body.
(8,7): error TS1128: Declaration or statement expected.
(8,8): error TS1128: Declaration or statement expected.
*/">
test(function(){try{return Function("/* Error during compilation: \n(2,1): error TS1129: Statement expected.\n(6,1): error TS1108: A 'return' statement can only be used within a function body.\n(8,7): error TS1128: Declaration or statement expected.\n(8,8): error TS1128: Declaration or statement expected.\n*/")()}catch(e){return false;}}());
</script>

        <tr class="subtest" data-parent="class">
          <td><span>implicit strict mode</span></td>
<script data-source="/* Error during compilation: 
(2,9): error TS1109: Expression expected.
(4,2): error TS1128: Declaration or statement expected.
(6,1): error TS1108: A 'return' statement can only be used within a function body.
(7,7): error TS1128: Declaration or statement expected.
(7,8): error TS1128: Declaration or statement expected.
*/">
test(function(){try{return Function("/* Error during compilation: \n(2,9): error TS1109: Expression expected.\n(4,2): error TS1128: Declaration or statement expected.\n(6,1): error TS1108: A 'return' statement can only be used within a function body.\n(7,7): error TS1128: Declaration or statement expected.\n(7,8): error TS1128: Declaration or statement expected.\n*/")()}catch(e){return false;}}());
</script>

        <tr class="subtest" data-parent="class">
          <td><span>extends</span></td>
<script data-source="/* Error during compilation: 
(2,1): error TS1129: Statement expected.
(3,1): error TS1108: A 'return' statement can only be used within a function body.
(5,7): error TS1128: Declaration or statement expected.
(5,8): error TS1128: Declaration or statement expected.
*/">
test(function(){try{return Function("/* Error during compilation: \n(2,1): error TS1129: Statement expected.\n(3,1): error TS1108: A 'return' statement can only be used within a function body.\n(5,7): error TS1128: Declaration or statement expected.\n(5,8): error TS1128: Declaration or statement expected.\n*/")()}catch(e){return false;}}());
</script>

        </tr>
        <tr class="supertest">
          <td id="super"><span><a class="anchor" href="#super">&sect;</a><a href="https://people.mozilla.org/~jorendorff/es6-draft.html#sec-super-keyword">super</a></span></td>

        <tr class="subtest" data-parent="super">
          <td><span>in constructors</span></td>
<script data-source="/* Error during compilation: 
(2,1): error TS1129: Statement expected.
(2,17): error TS1003: Identifier expected.
(3,18): error TS1005: ';' expected.
(3,20): error TS1108: A 'return' statement can only be used within a function body.
(5,18): error TS1005: ';' expected.
(5,20): error TS1108: A 'return' statement can only be used within a function body.
(7,1): error TS1108: A 'return' statement can only be used within a function body.
(8,7): error TS1128: Declaration or statement expected.
(8,8): error TS1128: Declaration or statement expected.
*/">
test(function(){try{return Function("/* Error during compilation: \n(2,1): error TS1129: Statement expected.\n(2,17): error TS1003: Identifier expected.\n(3,18): error TS1005: ';' expected.\n(3,20): error TS1108: A 'return' statement can only be used within a function body.\n(5,18): error TS1005: ';' expected.\n(5,20): error TS1108: A 'return' statement can only be used within a function body.\n(7,1): error TS1108: A 'return' statement can only be used within a function body.\n(8,7): error TS1128: Declaration or statement expected.\n(8,8): error TS1128: Declaration or statement expected.\n*/")()}catch(e){return false;}}());
</script>

        <tr class="subtest" data-parent="super">
          <td><span>in methods</span></td>
<script data-source="/* Error during compilation: 
(2,1): error TS1129: Statement expected.
(2,17): error TS1003: Identifier expected.
(3,10): error TS1005: ';' expected.
(3,12): error TS1108: A 'return' statement can only be used within a function body.
(5,10): error TS1005: ';' expected.
(5,12): error TS1108: A 'return' statement can only be used within a function body.
(7,1): error TS1108: A 'return' statement can only be used within a function body.
(8,7): error TS1128: Declaration or statement expected.
(8,8): error TS1128: Declaration or statement expected.
*/">
test(function(){try{return Function("/* Error during compilation: \n(2,1): error TS1129: Statement expected.\n(2,17): error TS1003: Identifier expected.\n(3,10): error TS1005: ';' expected.\n(3,12): error TS1108: A 'return' statement can only be used within a function body.\n(5,10): error TS1005: ';' expected.\n(5,12): error TS1108: A 'return' statement can only be used within a function body.\n(7,1): error TS1108: A 'return' statement can only be used within a function body.\n(8,7): error TS1128: Declaration or statement expected.\n(8,8): error TS1128: Declaration or statement expected.\n*/")()}catch(e){return false;}}());
</script>

        <tr class="subtest" data-parent="super">
          <td><span>is statically bound</span></td>
<script data-source="/* Error during compilation: 
(2,1): error TS1129: Statement expected.
(2,17): error TS1003: Identifier expected.
(3,9): error TS1005: ';' expected.
(3,11): error TS1108: A 'return' statement can only be used within a function body.
(5,9): error TS1005: ';' expected.
(5,11): error TS1108: A 'return' statement can only be used within a function body.
(11,1): error TS1108: A 'return' statement can only be used within a function body.
(12,7): error TS1128: Declaration or statement expected.
(12,8): error TS1128: Declaration or statement expected.
*/">
test(function(){try{return Function("/* Error during compilation: \n(2,1): error TS1129: Statement expected.\n(2,17): error TS1003: Identifier expected.\n(3,9): error TS1005: ';' expected.\n(3,11): error TS1108: A 'return' statement can only be used within a function body.\n(5,9): error TS1005: ';' expected.\n(5,11): error TS1108: A 'return' statement can only be used within a function body.\n(11,1): error TS1108: A 'return' statement can only be used within a function body.\n(12,7): error TS1128: Declaration or statement expected.\n(12,8): error TS1128: Declaration or statement expected.\n*/")()}catch(e){return false;}}());
</script>

        </tr>
        <tr class="supertest">
          <td id="object_literal_extensions"><span><a class="anchor" href="#object_literal_extensions">&sect;</a><a href="http://people.mozilla.org/~jorendorff/es6-draft.html#sec-object-initialiser">object literal extensions</a></span></td>

        <tr class="subtest" data-parent="object_literal_extensions">
          <td><span>computed properties</span></td>
<script data-source="/* Error during compilation: 
(3,11): error TS1136: Property assignment expected.
(3,14): error TS1005: ')' expected.
(4,7): error TS1128: Declaration or statement expected.
(4,8): error TS1128: Declaration or statement expected.
*/">
test(function(){try{return Function("/* Error during compilation: \n(3,11): error TS1136: Property assignment expected.\n(3,14): error TS1005: ')' expected.\n(4,7): error TS1128: Declaration or statement expected.\n(4,8): error TS1128: Declaration or statement expected.\n*/")()}catch(e){return false;}}());
</script>

        <tr class="subtest" data-parent="object_literal_extensions">
          <td><span>shorthand properties</span></td>
<script data-source="/* Error during compilation: 
(2,25): error TS1005: ':' expected.
(2,27): error TS1005: ':' expected.
*/">
test(function(){try{return Function("/* Error during compilation: \n(2,25): error TS1005: ':' expected.\n(2,27): error TS1005: ':' expected.\n*/")()}catch(e){return false;}}());
</script>

        <tr class="subtest" data-parent="object_literal_extensions">
          <td><span>shorthand methods</span></td>
<script data-source="(function () {
    return ({ y: function () {
        return 2;
    } }).y() === 2;
});
">
test(function(){try{return eval("(function () {\n    return ({ y: function () {\n        return 2;\n    } }).y() === 2;\n});\n")()}catch(e){return false;}}());
</script>

        </tr>
        <tr class="supertest">
          <td id="for..of_loops"><span><a class="anchor" href="#for..of_loops">&sect;</a><a href="https://people.mozilla.org/~jorendorff/es6-draft.html#sec-for-in-and-for-of-statements">for..of loops</a></span></td>

        <tr class="subtest" data-parent="for..of_loops">
          <td><span>with arrays</span></td>
<script data-source="/* Error during compilation: 
(3,15): error TS1005: '=' expected.
(3,18): error TS1005: ',' expected.
(3,21): error TS1005: ',' expected.
(4,3): error TS1005: ';' expected.
*/">
test(function(){try{return Function("/* Error during compilation: \n(3,15): error TS1005: '=' expected.\n(3,18): error TS1005: ',' expected.\n(3,21): error TS1005: ',' expected.\n(4,3): error TS1005: ';' expected.\n*/")()}catch(e){return false;}}());
</script>

        <tr class="subtest" data-parent="for..of_loops">
          <td><span>with strings</span></td>
<script data-source="/* Error during compilation: 
(3,15): error TS1005: '=' expected.
(3,18): error TS1005: ',' expected.
(3,23): error TS1005: ';' expected.
*/">
test(function(){try{return Function("/* Error during compilation: \n(3,15): error TS1005: '=' expected.\n(3,18): error TS1005: ',' expected.\n(3,23): error TS1005: ';' expected.\n*/")()}catch(e){return false;}}());
</script>

        <tr class="subtest" data-parent="for..of_loops">
          <td><span>with generic iterables</span></td>
<script data-source="/* Error during compilation: 
(4,15): error TS1005: '=' expected.
(4,18): error TS1005: ',' expected.
(4,26): error TS1005: ',' expected.
(4,28): error TS1134: Variable declaration expected.
(5,10): error TS1005: ':' expected.
(5,17): error TS1005: ',' expected.
(7,1): error TS1005: ';' expected.
*/">
test(function(){try{return Function("/* Error during compilation: \n(4,15): error TS1005: '=' expected.\n(4,18): error TS1005: ',' expected.\n(4,26): error TS1005: ',' expected.\n(4,28): error TS1134: Variable declaration expected.\n(5,10): error TS1005: ':' expected.\n(5,17): error TS1005: ',' expected.\n(7,1): error TS1005: ';' expected.\n*/")()}catch(e){return false;}}());
</script>

        <tr class="subtest" data-parent="for..of_loops">
          <td><span>with instances of generic iterables</span></td>
<script data-source="/* Error during compilation: 
(4,15): error TS1005: '=' expected.
(4,18): error TS1005: ',' expected.
(4,24): error TS1005: ',' expected.
(4,31): error TS1005: '=' expected.
(4,41): error TS1005: ',' expected.
(4,43): error TS1134: Variable declaration expected.
(5,10): error TS1005: ':' expected.
(5,17): error TS1005: ',' expected.
(7,1): error TS1005: ';' expected.
*/">
test(function(){try{return Function("/* Error during compilation: \n(4,15): error TS1005: '=' expected.\n(4,18): error TS1005: ',' expected.\n(4,24): error TS1005: ',' expected.\n(4,31): error TS1005: '=' expected.\n(4,41): error TS1005: ',' expected.\n(4,43): error TS1134: Variable declaration expected.\n(5,10): error TS1005: ':' expected.\n(5,17): error TS1005: ',' expected.\n(7,1): error TS1005: ';' expected.\n*/")()}catch(e){return false;}}());
</script>

        </tr>
        <tr class="supertest">
          <td id="generators"><span><a class="anchor" href="#generators">&sect;</a><a href="https://people.mozilla.org/~jorendorff/es6-draft.html#sec-generator-function-definitions">generators</a></span></td>

        <tr class="subtest" data-parent="generators">
          <td><span>basic functionality</span></td>
<script data-source="/* Error during compilation: 
(2,9): error TS1003: Identifier expected.
(2,22): error TS1005: ';' expected.
(3,9): error TS1005: ';' expected.
(3,18): error TS1005: ';' expected.
*/">
test(function(){try{return Function("/* Error during compilation: \n(2,9): error TS1003: Identifier expected.\n(2,22): error TS1005: ';' expected.\n(3,9): error TS1005: ';' expected.\n(3,18): error TS1005: ';' expected.\n*/")()}catch(e){return false;}}());
</script>

        <tr class="subtest" data-parent="generators">
          <td><span>yield *, arrays</span></td>
<script data-source="/* Error during compilation: 
(2,25): error TS1005: '(' expected.
(2,39): error TS1005: ')' expected.
(4,3): error TS1109: Expression expected.
(4,4): error TS1005: ';' expected.
*/">
test(function(){try{return Function("/* Error during compilation: \n(2,25): error TS1005: '(' expected.\n(2,39): error TS1005: ')' expected.\n(4,3): error TS1109: Expression expected.\n(4,4): error TS1005: ';' expected.\n*/")()}catch(e){return false;}}());
</script>

        <tr class="subtest" data-parent="generators">
          <td><span>yield *, strings</span></td>
<script data-source="/* Error during compilation: 
(2,25): error TS1005: '(' expected.
(2,39): error TS1005: ')' expected.
(4,3): error TS1109: Expression expected.
(4,4): error TS1005: ';' expected.
*/">
test(function(){try{return Function("/* Error during compilation: \n(2,25): error TS1005: '(' expected.\n(2,39): error TS1005: ')' expected.\n(4,3): error TS1109: Expression expected.\n(4,4): error TS1005: ';' expected.\n*/")()}catch(e){return false;}}());
</script>

        <tr class="subtest" data-parent="generators">
          <td><span>yield *, generic iterables</span></td>
<script data-source="/* Error during compilation: 
(2,25): error TS1005: '(' expected.
(2,39): error TS1005: ')' expected.
(3,20): error TS1005: '(' expected.
(3,23): error TS1109: Expression expected.
(3,25): error TS1005: ')' expected.
(4,11): error TS1005: ';' expected.
(4,20): error TS1005: ';' expected.
(5,5): error TS1109: Expression expected.
(5,6): error TS1005: ';' expected.
(6,3): error TS1109: Expression expected.
(6,4): error TS1005: ';' expected.
*/">
test(function(){try{return Function("/* Error during compilation: \n(2,25): error TS1005: '(' expected.\n(2,39): error TS1005: ')' expected.\n(3,20): error TS1005: '(' expected.\n(3,23): error TS1109: Expression expected.\n(3,25): error TS1005: ')' expected.\n(4,11): error TS1005: ';' expected.\n(4,20): error TS1005: ';' expected.\n(5,5): error TS1109: Expression expected.\n(5,6): error TS1005: ';' expected.\n(6,3): error TS1109: Expression expected.\n(6,4): error TS1005: ';' expected.\n*/")()}catch(e){return false;}}());
</script>

        <tr class="subtest" data-parent="generators">
          <td><span>yield *, instances of iterables</span></td>
<script data-source="/* Error during compilation: 
(2,25): error TS1005: '(' expected.
(2,39): error TS1005: ')' expected.
(3,33): error TS1005: '(' expected.
(3,36): error TS1109: Expression expected.
(3,38): error TS1005: ',' expected.
(4,11): error TS1005: ':' expected.
(4,12): error TS1005: ',' expected.
(4,20): error TS1005: ';' expected.
(5,5): error TS1109: Expression expected.
(5,6): error TS1005: ';' expected.
(13,1): error TS1108: A 'return' statement can only be used within a function body.
(14,7): error TS1128: Declaration or statement expected.
(14,8): error TS1128: Declaration or statement expected.
*/">
test(function(){try{return Function("/* Error during compilation: \n(2,25): error TS1005: '(' expected.\n(2,39): error TS1005: ')' expected.\n(3,33): error TS1005: '(' expected.\n(3,36): error TS1109: Expression expected.\n(3,38): error TS1005: ',' expected.\n(4,11): error TS1005: ':' expected.\n(4,12): error TS1005: ',' expected.\n(4,20): error TS1005: ';' expected.\n(5,5): error TS1109: Expression expected.\n(5,6): error TS1005: ';' expected.\n(13,1): error TS1108: A 'return' statement can only be used within a function body.\n(14,7): error TS1128: Declaration or statement expected.\n(14,8): error TS1128: Declaration or statement expected.\n*/")()}catch(e){return false;}}());
</script>

        <tr class="subtest" data-parent="generators">
          <td><span>shorthand generator methods</span></td>
<script data-source="/* Error during compilation: 
(3,3): error TS1136: Property assignment expected.
(3,17): error TS1005: ',' expected.
(4,11): error TS1005: ';' expected.
(4,20): error TS1005: ';' expected.
(5,4): error TS1129: Statement expected.
(6,2): error TS1005: ')' expected.
(14,1): error TS1108: A 'return' statement can only be used within a function body.
(15,7): error TS1128: Declaration or statement expected.
(15,8): error TS1128: Declaration or statement expected.
*/">
test(function(){try{return Function("/* Error during compilation: \n(3,3): error TS1136: Property assignment expected.\n(3,17): error TS1005: ',' expected.\n(4,11): error TS1005: ';' expected.\n(4,20): error TS1005: ';' expected.\n(5,4): error TS1129: Statement expected.\n(6,2): error TS1005: ')' expected.\n(14,1): error TS1108: A 'return' statement can only be used within a function body.\n(15,7): error TS1128: Declaration or statement expected.\n(15,8): error TS1128: Declaration or statement expected.\n*/")()}catch(e){return false;}}());
</script>

        </tr>
        <tr class="supertest">
          <td id="octal_and_binary_literals"><span><a class="anchor" href="#octal_and_binary_literals">&sect;</a><a href="https://people.mozilla.org/~jorendorff/es6-draft.html#sec-literals-numeric-literals">octal and binary literals</a></span></td>

        <tr class="subtest" data-parent="octal_and_binary_literals">
          <td><span>octal literals</span></td>
<script data-source="/* Error during compilation: 
(2,9): error TS1005: ';' expected.
(2,23): error TS1005: ';' expected.
*/">
test(function(){try{return Function("/* Error during compilation: \n(2,9): error TS1005: ';' expected.\n(2,23): error TS1005: ';' expected.\n*/")()}catch(e){return false;}}());
</script>

        <tr class="subtest" data-parent="octal_and_binary_literals">
          <td><span>binary literals</span></td>
<script data-source="/* Error during compilation: 
(2,9): error TS1005: ';' expected.
(2,23): error TS1005: ';' expected.
*/">
test(function(){try{return Function("/* Error during compilation: \n(2,9): error TS1005: ';' expected.\n(2,23): error TS1005: ';' expected.\n*/")()}catch(e){return false;}}());
</script>

        <tr class="subtest" data-parent="octal_and_binary_literals">
          <td><span>octal supported by Number()</span></td>
<script data-source="(function () {
    return Number('0o1') === 1;
});
">
test(function(){try{return eval("(function () {\n    return Number('0o1') === 1;\n});\n")()}catch(e){return false;}}());
</script>

        <tr class="subtest" data-parent="octal_and_binary_literals">
          <td><span>binary supported by Number()</span></td>
<script data-source="(function () {
    return Number('0b1') === 1;
});
">
test(function(){try{return eval("(function () {\n    return Number('0b1') === 1;\n});\n")()}catch(e){return false;}}());
</script>

        </tr>
        <tr class="supertest">
          <td id="template_strings"><span><a class="anchor" href="#template_strings">&sect;</a><a href="https://people.mozilla.org/~jorendorff/es6-draft.html#sec-template-literals">template strings</a></span></td>

        <tr class="subtest" data-parent="template_strings">
          <td><span>basic functionality</span></td>
<script data-source="/* Error during compilation: 
(3,8): error TS1127: Invalid character.
(3,13): error TS1005: ';' expected.
(4,2): error TS1005: ';' expected.
(4,13): error TS1005: ';' expected.
(4,30): error TS1127: Invalid character.
(4,32): error TS1129: Statement expected.
*/">
test(function(){try{return Function("/* Error during compilation: \n(3,8): error TS1127: Invalid character.\n(3,13): error TS1005: ';' expected.\n(4,2): error TS1005: ';' expected.\n(4,13): error TS1005: ';' expected.\n(4,30): error TS1127: Invalid character.\n(4,32): error TS1129: Statement expected.\n*/")()}catch(e){return false;}}());
</script>

        <tr class="subtest" data-parent="template_strings">
          <td><span>tagged template strings</span></td>
<script data-source="/* Error during compilation: 
(13,11): error TS1127: Invalid character.
(13,16): error TS1005: ';' expected.
(13,24): error TS1127: Invalid character.
(13,27): error TS1005: ';' expected.
(13,32): error TS1127: Invalid character.
(13,34): error TS1129: Statement expected.
*/">
test(function(){try{return Function("/* Error during compilation: \n(13,11): error TS1127: Invalid character.\n(13,16): error TS1005: ';' expected.\n(13,24): error TS1127: Invalid character.\n(13,27): error TS1005: ';' expected.\n(13,32): error TS1127: Invalid character.\n(13,34): error TS1129: Statement expected.\n*/")()}catch(e){return false;}}());
</script>

        </tr>
        <tr class="supertest">
          <td id="RegExp_y_and_u_flags"><span><a class="anchor" href="#RegExp_y_and_u_flags">&sect;</a><a href="https://people.mozilla.org/~jorendorff/es6-draft.html#sec-get-regexp.prototype.sticky">RegExp "y" and "u" flags</a></span></td>

        <tr class="subtest" data-parent="RegExp_y_and_u_flags">
          <td><span>"y" flag</span></td>
<script data-source="(function () {
    var re = new RegExp('\\w');
    var re2 = new RegExp('\\w', 'y');
    re.exec('xy');
    re2.exec('xy');
    return (re.exec('xy')[0] === 'x' && re2.exec('xy')[0] === 'y');
});
">
test(function(){try{return eval("(function () {\n    var re = new RegExp('\\\\w');\n    var re2 = new RegExp('\\\\w', 'y');\n    re.exec('xy');\n    re2.exec('xy');\n    return (re.exec('xy')[0] === 'x' && re2.exec('xy')[0] === 'y');\n});\n")()}catch(e){return false;}}());
</script>

        <tr class="subtest" data-parent="RegExp_y_and_u_flags">
          <td><span>"u" flag</span></td>
<script data-source="(function () {
    return &quot;𠮷&quot;.match(/./u)[0].length === 2;
});
">
test(function(){try{return eval("(function () {\n    return \"𠮷\".match(/./u)[0].length === 2;\n});\n")()}catch(e){return false;}}());
</script>

        </tr>
        <tr class="supertest">
          <td id="typed_arrays"><span><a class="anchor" href="#typed_arrays">&sect;</a><a href="https://people.mozilla.org/~jorendorff/es6-draft.html#sec-typedarray-objects">typed arrays</a></span></td>

        <tr class="subtest" data-parent="typed_arrays">
          <td><span>Int8Array</span></td>
<script data-source="(function () {
    var buffer = new ArrayBuffer(64);
    var view = new Int8Array(buffer);
    view[0] = 0x80;
    return view[0] === -0x80;
});
">
test(function(){try{return eval("(function () {\n    var buffer = new ArrayBuffer(64);\n    var view = new Int8Array(buffer);\n    view[0] = 0x80;\n    return view[0] === -0x80;\n});\n")()}catch(e){return false;}}());
</script>

        <tr class="subtest" data-parent="typed_arrays">
          <td><span>Uint8Array</span></td>
<script data-source="(function () {
    var buffer = new ArrayBuffer(64);
    var view = new Uint8Array(buffer);
    view[0] = 0x100;
    return view[0] === 0;
});
">
test(function(){try{return eval("(function () {\n    var buffer = new ArrayBuffer(64);\n    var view = new Uint8Array(buffer);\n    view[0] = 0x100;\n    return view[0] === 0;\n});\n")()}catch(e){return false;}}());
</script>

        <tr class="subtest" data-parent="typed_arrays">
          <td><span>Uint8ClampedArray</span></td>
<script data-source="/* Error during compilation: 
(3,16): error TS2304: Cannot find name 'Uint8ClampedArray'.
*/">
test(function(){try{return Function("/* Error during compilation: \n(3,16): error TS2304: Cannot find name 'Uint8ClampedArray'.\n*/")()}catch(e){return false;}}());
</script>

        <tr class="subtest" data-parent="typed_arrays">
          <td><span>Int16Array</span></td>
<script data-source="(function () {
    var buffer = new ArrayBuffer(64);
    var view = new Int16Array(buffer);
    view[0] = 0x8000;
    return view[0] === -0x8000;
});
">
test(function(){try{return eval("(function () {\n    var buffer = new ArrayBuffer(64);\n    var view = new Int16Array(buffer);\n    view[0] = 0x8000;\n    return view[0] === -0x8000;\n});\n")()}catch(e){return false;}}());
</script>

        <tr class="subtest" data-parent="typed_arrays">
          <td><span>Uint16Array</span></td>
<script data-source="(function () {
    var buffer = new ArrayBuffer(64);
    var view = new Uint16Array(buffer);
    view[0] = 0x10000;
    return view[0] === 0;
});
">
test(function(){try{return eval("(function () {\n    var buffer = new ArrayBuffer(64);\n    var view = new Uint16Array(buffer);\n    view[0] = 0x10000;\n    return view[0] === 0;\n});\n")()}catch(e){return false;}}());
</script>

        <tr class="subtest" data-parent="typed_arrays">
          <td><span>Int32Array</span></td>
<script data-source="(function () {
    var buffer = new ArrayBuffer(64);
    var view = new Int32Array(buffer);
    view[0] = 0x80000000;
    return view[0] === -0x80000000;
});
">
test(function(){try{return eval("(function () {\n    var buffer = new ArrayBuffer(64);\n    var view = new Int32Array(buffer);\n    view[0] = 0x80000000;\n    return view[0] === -0x80000000;\n});\n")()}catch(e){return false;}}());
</script>

        <tr class="subtest" data-parent="typed_arrays">
          <td><span>Uint32Array</span></td>
<script data-source="(function () {
    var buffer = new ArrayBuffer(64);
    var view = new Uint32Array(buffer);
    view[0] = 0x100000000;
    return view[0] === 0;
});
">
test(function(){try{return eval("(function () {\n    var buffer = new ArrayBuffer(64);\n    var view = new Uint32Array(buffer);\n    view[0] = 0x100000000;\n    return view[0] === 0;\n});\n")()}catch(e){return false;}}());
</script>

        <tr class="subtest" data-parent="typed_arrays">
          <td><span>Float32Array</span></td>
<script data-source="(function () {
    var buffer = new ArrayBuffer(64);
    var view = new Float32Array(buffer);
    view[0] = 0.1;
    return view[0] === 0.10000000149011612;
});
">
test(function(){try{return eval("(function () {\n    var buffer = new ArrayBuffer(64);\n    var view = new Float32Array(buffer);\n    view[0] = 0.1;\n    return view[0] === 0.10000000149011612;\n});\n")()}catch(e){return false;}}());
</script>

        <tr class="subtest" data-parent="typed_arrays">
          <td><span>Float64Array</span></td>
<script data-source="(function () {
    var buffer = new ArrayBuffer(64);
    var view = new Float64Array(buffer);
    view[0] = 0.1;
    return view[0] === 0.1;
});
">
test(function(){try{return eval("(function () {\n    var buffer = new ArrayBuffer(64);\n    var view = new Float64Array(buffer);\n    view[0] = 0.1;\n    return view[0] === 0.1;\n});\n")()}catch(e){return false;}}());
</script>

        <tr class="subtest" data-parent="typed_arrays">
          <td><span>DataView (Int8)</span></td>
<script data-source="(function () {
    var buffer = new ArrayBuffer(64);
    var view = new DataView(buffer);
    view.setInt8(0, 0x80);
    return view.getInt8(0) === -0x80;
});
">
test(function(){try{return eval("(function () {\n    var buffer = new ArrayBuffer(64);\n    var view = new DataView(buffer);\n    view.setInt8(0, 0x80);\n    return view.getInt8(0) === -0x80;\n});\n")()}catch(e){return false;}}());
</script>

        <tr class="subtest" data-parent="typed_arrays">
          <td><span>DataView (Uint8)</span></td>
<script data-source="(function () {
    var buffer = new ArrayBuffer(64);
    var view = new DataView(buffer);
    view.setUint8(0, 0x100);
    return view.getUint8(0) === 0;
});
">
test(function(){try{return eval("(function () {\n    var buffer = new ArrayBuffer(64);\n    var view = new DataView(buffer);\n    view.setUint8(0, 0x100);\n    return view.getUint8(0) === 0;\n});\n")()}catch(e){return false;}}());
</script>

        <tr class="subtest" data-parent="typed_arrays">
          <td><span>DataView (Int16)</span></td>
<script data-source="(function () {
    var buffer = new ArrayBuffer(64);
    var view = new DataView(buffer);
    view.setInt16(0, 0x8000);
    return view.getInt16(0) === -0x8000;
});
">
test(function(){try{return eval("(function () {\n    var buffer = new ArrayBuffer(64);\n    var view = new DataView(buffer);\n    view.setInt16(0, 0x8000);\n    return view.getInt16(0) === -0x8000;\n});\n")()}catch(e){return false;}}());
</script>

        <tr class="subtest" data-parent="typed_arrays">
          <td><span>DataView (Uint16)</span></td>
<script data-source="(function () {
    var buffer = new ArrayBuffer(64);
    var view = new DataView(buffer);
    view.setUint16(0, 0x10000);
    return view.getUint16(0) === 0;
});
">
test(function(){try{return eval("(function () {\n    var buffer = new ArrayBuffer(64);\n    var view = new DataView(buffer);\n    view.setUint16(0, 0x10000);\n    return view.getUint16(0) === 0;\n});\n")()}catch(e){return false;}}());
</script>

        <tr class="subtest" data-parent="typed_arrays">
          <td><span>DataView (Int32)</span></td>
<script data-source="(function () {
    var buffer = new ArrayBuffer(64);
    var view = new DataView(buffer);
    view.setInt32(0, 0x80000000);
    return view.getInt32(0) === -0x80000000;
});
">
test(function(){try{return eval("(function () {\n    var buffer = new ArrayBuffer(64);\n    var view = new DataView(buffer);\n    view.setInt32(0, 0x80000000);\n    return view.getInt32(0) === -0x80000000;\n});\n")()}catch(e){return false;}}());
</script>

        <tr class="subtest" data-parent="typed_arrays">
          <td><span>DataView (Uint32)</span></td>
<script data-source="(function () {
    var buffer = new ArrayBuffer(64);
    var view = new DataView(buffer);
    view.setUint32(0, 0x100000000);
    return view.getUint32(0) === 0;
});
">
test(function(){try{return eval("(function () {\n    var buffer = new ArrayBuffer(64);\n    var view = new DataView(buffer);\n    view.setUint32(0, 0x100000000);\n    return view.getUint32(0) === 0;\n});\n")()}catch(e){return false;}}());
</script>

        <tr class="subtest" data-parent="typed_arrays">
          <td><span>DataView (Float32)</span></td>
<script data-source="(function () {
    var buffer = new ArrayBuffer(64);
    var view = new DataView(buffer);
    view.setFloat32(0, 0.1);
    return view.getFloat32(0) === 0.10000000149011612;
});
">
test(function(){try{return eval("(function () {\n    var buffer = new ArrayBuffer(64);\n    var view = new DataView(buffer);\n    view.setFloat32(0, 0.1);\n    return view.getFloat32(0) === 0.10000000149011612;\n});\n")()}catch(e){return false;}}());
</script>

        <tr class="subtest" data-parent="typed_arrays">
          <td><span>DataView (Float64)</span></td>
<script data-source="(function () {
    var buffer = new ArrayBuffer(64);
    var view = new DataView(buffer);
    view.setFloat64(0, 0.1);
    return view.getFloat64(0) === 0.1;
});
">
test(function(){try{return eval("(function () {\n    var buffer = new ArrayBuffer(64);\n    var view = new DataView(buffer);\n    view.setFloat64(0, 0.1);\n    return view.getFloat64(0) === 0.1;\n});\n")()}catch(e){return false;}}());
</script>

        <tr class="subtest" data-parent="typed_arrays">
          <td><span>%TypedArray%.from</span></td>
<script data-source="/* Error during compilation: 
(2,25): error TS2339: Property 'from' does not exist on type '{ new (length: number): Int8Array; new (array: Int8Array): Int8Array; new (array: number[]): Int8...'.
(3,21): error TS2339: Property 'from' does not exist on type '{ new (length: number): Uint8Array; new (array: Uint8Array): Uint8Array; new (array: number[]): U...'.
(4,10): error TS2304: Cannot find name 'Uint8ClampedArray'.
(5,21): error TS2339: Property 'from' does not exist on type '{ new (length: number): Int16Array; new (array: Int16Array): Int16Array; new (array: number[]): I...'.
(6,22): error TS2339: Property 'from' does not exist on type '{ new (length: number): Uint16Array; new (array: Uint16Array): Uint16Array; new (array: number[])...'.
(7,21): error TS2339: Property 'from' does not exist on type '{ new (length: number): Int32Array; new (array: Int32Array): Int32Array; new (array: number[]): I...'.
(8,22): error TS2339: Property 'from' does not exist on type '{ new (length: number): Uint32Array; new (array: Uint32Array): Uint32Array; new (array: number[])...'.
(9,23): error TS2339: Property 'from' does not exist on type '{ new (length: number): Float32Array; new (array: Float32Array): Float32Array; new (array: number...'.
(10,23): error TS2339: Property 'from' does not exist on type '{ new (length: number): Float64Array; new (array: Float64Array): Float64Array; new (array: number...'.
*/">
test(function(){try{return Function("/* Error during compilation: \n(2,25): error TS2339: Property 'from' does not exist on type '{ new (length: number): Int8Array; new (array: Int8Array): Int8Array; new (array: number[]): Int8...'.\n(3,21): error TS2339: Property 'from' does not exist on type '{ new (length: number): Uint8Array; new (array: Uint8Array): Uint8Array; new (array: number[]): U...'.\n(4,10): error TS2304: Cannot find name 'Uint8ClampedArray'.\n(5,21): error TS2339: Property 'from' does not exist on type '{ new (length: number): Int16Array; new (array: Int16Array): Int16Array; new (array: number[]): I...'.\n(6,22): error TS2339: Property 'from' does not exist on type '{ new (length: number): Uint16Array; new (array: Uint16Array): Uint16Array; new (array: number[])...'.\n(7,21): error TS2339: Property 'from' does not exist on type '{ new (length: number): Int32Array; new (array: Int32Array): Int32Array; new (array: number[]): I...'.\n(8,22): error TS2339: Property 'from' does not exist on type '{ new (length: number): Uint32Array; new (array: Uint32Array): Uint32Array; new (array: number[])...'.\n(9,23): error TS2339: Property 'from' does not exist on type '{ new (length: number): Float32Array; new (array: Float32Array): Float32Array; new (array: number...'.\n(10,23): error TS2339: Property 'from' does not exist on type '{ new (length: number): Float64Array; new (array: Float64Array): Float64Array; new (array: number...'.\n*/")()}catch(e){return false;}}());
</script>

        <tr class="subtest" data-parent="typed_arrays">
          <td><span>%TypedArray%.of</span></td>
<script data-source="/* Error during compilation: 
(2,25): error TS2339: Property 'of' does not exist on type '{ new (length: number): Int8Array; new (array: Int8Array): Int8Array; new (array: number[]): Int8...'.
(3,21): error TS2339: Property 'of' does not exist on type '{ new (length: number): Uint8Array; new (array: Uint8Array): Uint8Array; new (array: number[]): U...'.
(4,10): error TS2304: Cannot find name 'Uint8ClampedArray'.
(5,21): error TS2339: Property 'of' does not exist on type '{ new (length: number): Int16Array; new (array: Int16Array): Int16Array; new (array: number[]): I...'.
(6,22): error TS2339: Property 'of' does not exist on type '{ new (length: number): Uint16Array; new (array: Uint16Array): Uint16Array; new (array: number[])...'.
(7,21): error TS2339: Property 'of' does not exist on type '{ new (length: number): Int32Array; new (array: Int32Array): Int32Array; new (array: number[]): I...'.
(8,22): error TS2339: Property 'of' does not exist on type '{ new (length: number): Uint32Array; new (array: Uint32Array): Uint32Array; new (array: number[])...'.
(9,23): error TS2339: Property 'of' does not exist on type '{ new (length: number): Float32Array; new (array: Float32Array): Float32Array; new (array: number...'.
(10,23): error TS2339: Property 'of' does not exist on type '{ new (length: number): Float64Array; new (array: Float64Array): Float64Array; new (array: number...'.
*/">
test(function(){try{return Function("/* Error during compilation: \n(2,25): error TS2339: Property 'of' does not exist on type '{ new (length: number): Int8Array; new (array: Int8Array): Int8Array; new (array: number[]): Int8...'.\n(3,21): error TS2339: Property 'of' does not exist on type '{ new (length: number): Uint8Array; new (array: Uint8Array): Uint8Array; new (array: number[]): U...'.\n(4,10): error TS2304: Cannot find name 'Uint8ClampedArray'.\n(5,21): error TS2339: Property 'of' does not exist on type '{ new (length: number): Int16Array; new (array: Int16Array): Int16Array; new (array: number[]): I...'.\n(6,22): error TS2339: Property 'of' does not exist on type '{ new (length: number): Uint16Array; new (array: Uint16Array): Uint16Array; new (array: number[])...'.\n(7,21): error TS2339: Property 'of' does not exist on type '{ new (length: number): Int32Array; new (array: Int32Array): Int32Array; new (array: number[]): I...'.\n(8,22): error TS2339: Property 'of' does not exist on type '{ new (length: number): Uint32Array; new (array: Uint32Array): Uint32Array; new (array: number[])...'.\n(9,23): error TS2339: Property 'of' does not exist on type '{ new (length: number): Float32Array; new (array: Float32Array): Float32Array; new (array: number...'.\n(10,23): error TS2339: Property 'of' does not exist on type '{ new (length: number): Float64Array; new (array: Float64Array): Float64Array; new (array: number...'.\n*/")()}catch(e){return false;}}());
</script>

        <tr class="subtest" data-parent="typed_arrays">
          <td><span>%TypedArray%.prototype.subarray</span></td>
<script data-source="/* Error during compilation: 
(4,10): error TS2304: Cannot find name 'Uint8ClampedArray'.
*/">
test(function(){try{return Function("/* Error during compilation: \n(4,10): error TS2304: Cannot find name 'Uint8ClampedArray'.\n*/")()}catch(e){return false;}}());
</script>

        <tr class="subtest" data-parent="typed_arrays">
          <td><span>%TypedArray%.prototype.join</span></td>
<script data-source="/* Error during compilation: 
(2,35): error TS2339: Property 'join' does not exist on type 'Int8Array'.
(3,31): error TS2339: Property 'join' does not exist on type 'Uint8Array'.
(4,10): error TS2304: Cannot find name 'Uint8ClampedArray'.
(5,31): error TS2339: Property 'join' does not exist on type 'Int16Array'.
(6,32): error TS2339: Property 'join' does not exist on type 'Uint16Array'.
(7,31): error TS2339: Property 'join' does not exist on type 'Int32Array'.
(8,32): error TS2339: Property 'join' does not exist on type 'Uint32Array'.
(9,33): error TS2339: Property 'join' does not exist on type 'Float32Array'.
(10,33): error TS2339: Property 'join' does not exist on type 'Float64Array'.
*/">
test(function(){try{return Function("/* Error during compilation: \n(2,35): error TS2339: Property 'join' does not exist on type 'Int8Array'.\n(3,31): error TS2339: Property 'join' does not exist on type 'Uint8Array'.\n(4,10): error TS2304: Cannot find name 'Uint8ClampedArray'.\n(5,31): error TS2339: Property 'join' does not exist on type 'Int16Array'.\n(6,32): error TS2339: Property 'join' does not exist on type 'Uint16Array'.\n(7,31): error TS2339: Property 'join' does not exist on type 'Int32Array'.\n(8,32): error TS2339: Property 'join' does not exist on type 'Uint32Array'.\n(9,33): error TS2339: Property 'join' does not exist on type 'Float32Array'.\n(10,33): error TS2339: Property 'join' does not exist on type 'Float64Array'.\n*/")()}catch(e){return false;}}());
</script>

        <tr class="subtest" data-parent="typed_arrays">
          <td><span>%TypedArray%.prototype.indexOf</span></td>
<script data-source="/* Error during compilation: 
(2,35): error TS2339: Property 'indexOf' does not exist on type 'Int8Array'.
(3,31): error TS2339: Property 'indexOf' does not exist on type 'Uint8Array'.
(4,10): error TS2304: Cannot find name 'Uint8ClampedArray'.
(5,31): error TS2339: Property 'indexOf' does not exist on type 'Int16Array'.
(6,32): error TS2339: Property 'indexOf' does not exist on type 'Uint16Array'.
(7,31): error TS2339: Property 'indexOf' does not exist on type 'Int32Array'.
(8,32): error TS2339: Property 'indexOf' does not exist on type 'Uint32Array'.
(9,33): error TS2339: Property 'indexOf' does not exist on type 'Float32Array'.
(10,33): error TS2339: Property 'indexOf' does not exist on type 'Float64Array'.
*/">
test(function(){try{return Function("/* Error during compilation: \n(2,35): error TS2339: Property 'indexOf' does not exist on type 'Int8Array'.\n(3,31): error TS2339: Property 'indexOf' does not exist on type 'Uint8Array'.\n(4,10): error TS2304: Cannot find name 'Uint8ClampedArray'.\n(5,31): error TS2339: Property 'indexOf' does not exist on type 'Int16Array'.\n(6,32): error TS2339: Property 'indexOf' does not exist on type 'Uint16Array'.\n(7,31): error TS2339: Property 'indexOf' does not exist on type 'Int32Array'.\n(8,32): error TS2339: Property 'indexOf' does not exist on type 'Uint32Array'.\n(9,33): error TS2339: Property 'indexOf' does not exist on type 'Float32Array'.\n(10,33): error TS2339: Property 'indexOf' does not exist on type 'Float64Array'.\n*/")()}catch(e){return false;}}());
</script>

        <tr class="subtest" data-parent="typed_arrays">
          <td><span>%TypedArray%.prototype.lastIndexOf</span></td>
<script data-source="/* Error during compilation: 
(2,35): error TS2339: Property 'lastIndexOf' does not exist on type 'Int8Array'.
(3,31): error TS2339: Property 'lastIndexOf' does not exist on type 'Uint8Array'.
(4,10): error TS2304: Cannot find name 'Uint8ClampedArray'.
(5,31): error TS2339: Property 'lastIndexOf' does not exist on type 'Int16Array'.
(6,32): error TS2339: Property 'lastIndexOf' does not exist on type 'Uint16Array'.
(7,31): error TS2339: Property 'lastIndexOf' does not exist on type 'Int32Array'.
(8,32): error TS2339: Property 'lastIndexOf' does not exist on type 'Uint32Array'.
(9,33): error TS2339: Property 'lastIndexOf' does not exist on type 'Float32Array'.
(10,33): error TS2339: Property 'lastIndexOf' does not exist on type 'Float64Array'.
*/">
test(function(){try{return Function("/* Error during compilation: \n(2,35): error TS2339: Property 'lastIndexOf' does not exist on type 'Int8Array'.\n(3,31): error TS2339: Property 'lastIndexOf' does not exist on type 'Uint8Array'.\n(4,10): error TS2304: Cannot find name 'Uint8ClampedArray'.\n(5,31): error TS2339: Property 'lastIndexOf' does not exist on type 'Int16Array'.\n(6,32): error TS2339: Property 'lastIndexOf' does not exist on type 'Uint16Array'.\n(7,31): error TS2339: Property 'lastIndexOf' does not exist on type 'Int32Array'.\n(8,32): error TS2339: Property 'lastIndexOf' does not exist on type 'Uint32Array'.\n(9,33): error TS2339: Property 'lastIndexOf' does not exist on type 'Float32Array'.\n(10,33): error TS2339: Property 'lastIndexOf' does not exist on type 'Float64Array'.\n*/")()}catch(e){return false;}}());
</script>

        <tr class="subtest" data-parent="typed_arrays">
          <td><span>%TypedArray%.prototype.slice</span></td>
<script data-source="/* Error during compilation: 
(2,35): error TS2339: Property 'slice' does not exist on type 'Int8Array'.
(3,31): error TS2339: Property 'slice' does not exist on type 'Uint8Array'.
(4,10): error TS2304: Cannot find name 'Uint8ClampedArray'.
(5,31): error TS2339: Property 'slice' does not exist on type 'Int16Array'.
(6,32): error TS2339: Property 'slice' does not exist on type 'Uint16Array'.
(7,31): error TS2339: Property 'slice' does not exist on type 'Int32Array'.
(8,32): error TS2339: Property 'slice' does not exist on type 'Uint32Array'.
(9,33): error TS2339: Property 'slice' does not exist on type 'Float32Array'.
(10,33): error TS2339: Property 'slice' does not exist on type 'Float64Array'.
*/">
test(function(){try{return Function("/* Error during compilation: \n(2,35): error TS2339: Property 'slice' does not exist on type 'Int8Array'.\n(3,31): error TS2339: Property 'slice' does not exist on type 'Uint8Array'.\n(4,10): error TS2304: Cannot find name 'Uint8ClampedArray'.\n(5,31): error TS2339: Property 'slice' does not exist on type 'Int16Array'.\n(6,32): error TS2339: Property 'slice' does not exist on type 'Uint16Array'.\n(7,31): error TS2339: Property 'slice' does not exist on type 'Int32Array'.\n(8,32): error TS2339: Property 'slice' does not exist on type 'Uint32Array'.\n(9,33): error TS2339: Property 'slice' does not exist on type 'Float32Array'.\n(10,33): error TS2339: Property 'slice' does not exist on type 'Float64Array'.\n*/")()}catch(e){return false;}}());
</script>

        <tr class="subtest" data-parent="typed_arrays">
          <td><span>%TypedArray%.prototype.every</span></td>
<script data-source="/* Error during compilation: 
(2,35): error TS2339: Property 'every' does not exist on type 'Int8Array'.
(3,31): error TS2339: Property 'every' does not exist on type 'Uint8Array'.
(4,10): error TS2304: Cannot find name 'Uint8ClampedArray'.
(5,31): error TS2339: Property 'every' does not exist on type 'Int16Array'.
(6,32): error TS2339: Property 'every' does not exist on type 'Uint16Array'.
(7,31): error TS2339: Property 'every' does not exist on type 'Int32Array'.
(8,32): error TS2339: Property 'every' does not exist on type 'Uint32Array'.
(9,33): error TS2339: Property 'every' does not exist on type 'Float32Array'.
(10,33): error TS2339: Property 'every' does not exist on type 'Float64Array'.
*/">
test(function(){try{return Function("/* Error during compilation: \n(2,35): error TS2339: Property 'every' does not exist on type 'Int8Array'.\n(3,31): error TS2339: Property 'every' does not exist on type 'Uint8Array'.\n(4,10): error TS2304: Cannot find name 'Uint8ClampedArray'.\n(5,31): error TS2339: Property 'every' does not exist on type 'Int16Array'.\n(6,32): error TS2339: Property 'every' does not exist on type 'Uint16Array'.\n(7,31): error TS2339: Property 'every' does not exist on type 'Int32Array'.\n(8,32): error TS2339: Property 'every' does not exist on type 'Uint32Array'.\n(9,33): error TS2339: Property 'every' does not exist on type 'Float32Array'.\n(10,33): error TS2339: Property 'every' does not exist on type 'Float64Array'.\n*/")()}catch(e){return false;}}());
</script>

        <tr class="subtest" data-parent="typed_arrays">
          <td><span>%TypedArray%.prototype.filter</span></td>
<script data-source="/* Error during compilation: 
(2,35): error TS2339: Property 'filter' does not exist on type 'Int8Array'.
(3,31): error TS2339: Property 'filter' does not exist on type 'Uint8Array'.
(4,10): error TS2304: Cannot find name 'Uint8ClampedArray'.
(5,31): error TS2339: Property 'filter' does not exist on type 'Int16Array'.
(6,32): error TS2339: Property 'filter' does not exist on type 'Uint16Array'.
(7,31): error TS2339: Property 'filter' does not exist on type 'Int32Array'.
(8,32): error TS2339: Property 'filter' does not exist on type 'Uint32Array'.
(9,33): error TS2339: Property 'filter' does not exist on type 'Float32Array'.
(10,33): error TS2339: Property 'filter' does not exist on type 'Float64Array'.
*/">
test(function(){try{return Function("/* Error during compilation: \n(2,35): error TS2339: Property 'filter' does not exist on type 'Int8Array'.\n(3,31): error TS2339: Property 'filter' does not exist on type 'Uint8Array'.\n(4,10): error TS2304: Cannot find name 'Uint8ClampedArray'.\n(5,31): error TS2339: Property 'filter' does not exist on type 'Int16Array'.\n(6,32): error TS2339: Property 'filter' does not exist on type 'Uint16Array'.\n(7,31): error TS2339: Property 'filter' does not exist on type 'Int32Array'.\n(8,32): error TS2339: Property 'filter' does not exist on type 'Uint32Array'.\n(9,33): error TS2339: Property 'filter' does not exist on type 'Float32Array'.\n(10,33): error TS2339: Property 'filter' does not exist on type 'Float64Array'.\n*/")()}catch(e){return false;}}());
</script>

        <tr class="subtest" data-parent="typed_arrays">
          <td><span>%TypedArray%.prototype.forEach</span></td>
<script data-source="/* Error during compilation: 
(2,35): error TS2339: Property 'forEach' does not exist on type 'Int8Array'.
(3,31): error TS2339: Property 'forEach' does not exist on type 'Uint8Array'.
(4,10): error TS2304: Cannot find name 'Uint8ClampedArray'.
(5,31): error TS2339: Property 'forEach' does not exist on type 'Int16Array'.
(6,32): error TS2339: Property 'forEach' does not exist on type 'Uint16Array'.
(7,31): error TS2339: Property 'forEach' does not exist on type 'Int32Array'.
(8,32): error TS2339: Property 'forEach' does not exist on type 'Uint32Array'.
(9,33): error TS2339: Property 'forEach' does not exist on type 'Float32Array'.
(10,33): error TS2339: Property 'forEach' does not exist on type 'Float64Array'.
*/">
test(function(){try{return Function("/* Error during compilation: \n(2,35): error TS2339: Property 'forEach' does not exist on type 'Int8Array'.\n(3,31): error TS2339: Property 'forEach' does not exist on type 'Uint8Array'.\n(4,10): error TS2304: Cannot find name 'Uint8ClampedArray'.\n(5,31): error TS2339: Property 'forEach' does not exist on type 'Int16Array'.\n(6,32): error TS2339: Property 'forEach' does not exist on type 'Uint16Array'.\n(7,31): error TS2339: Property 'forEach' does not exist on type 'Int32Array'.\n(8,32): error TS2339: Property 'forEach' does not exist on type 'Uint32Array'.\n(9,33): error TS2339: Property 'forEach' does not exist on type 'Float32Array'.\n(10,33): error TS2339: Property 'forEach' does not exist on type 'Float64Array'.\n*/")()}catch(e){return false;}}());
</script>

        <tr class="subtest" data-parent="typed_arrays">
          <td><span>%TypedArray%.prototype.map</span></td>
<script data-source="/* Error during compilation: 
(2,35): error TS2339: Property 'map' does not exist on type 'Int8Array'.
(3,31): error TS2339: Property 'map' does not exist on type 'Uint8Array'.
(4,10): error TS2304: Cannot find name 'Uint8ClampedArray'.
(5,31): error TS2339: Property 'map' does not exist on type 'Int16Array'.
(6,32): error TS2339: Property 'map' does not exist on type 'Uint16Array'.
(7,31): error TS2339: Property 'map' does not exist on type 'Int32Array'.
(8,32): error TS2339: Property 'map' does not exist on type 'Uint32Array'.
(9,33): error TS2339: Property 'map' does not exist on type 'Float32Array'.
(10,33): error TS2339: Property 'map' does not exist on type 'Float64Array'.
*/">
test(function(){try{return Function("/* Error during compilation: \n(2,35): error TS2339: Property 'map' does not exist on type 'Int8Array'.\n(3,31): error TS2339: Property 'map' does not exist on type 'Uint8Array'.\n(4,10): error TS2304: Cannot find name 'Uint8ClampedArray'.\n(5,31): error TS2339: Property 'map' does not exist on type 'Int16Array'.\n(6,32): error TS2339: Property 'map' does not exist on type 'Uint16Array'.\n(7,31): error TS2339: Property 'map' does not exist on type 'Int32Array'.\n(8,32): error TS2339: Property 'map' does not exist on type 'Uint32Array'.\n(9,33): error TS2339: Property 'map' does not exist on type 'Float32Array'.\n(10,33): error TS2339: Property 'map' does not exist on type 'Float64Array'.\n*/")()}catch(e){return false;}}());
</script>

        <tr class="subtest" data-parent="typed_arrays">
          <td><span>%TypedArray%.prototype.reduce</span></td>
<script data-source="/* Error during compilation: 
(2,35): error TS2339: Property 'reduce' does not exist on type 'Int8Array'.
(3,31): error TS2339: Property 'reduce' does not exist on type 'Uint8Array'.
(4,10): error TS2304: Cannot find name 'Uint8ClampedArray'.
(5,31): error TS2339: Property 'reduce' does not exist on type 'Int16Array'.
(6,32): error TS2339: Property 'reduce' does not exist on type 'Uint16Array'.
(7,31): error TS2339: Property 'reduce' does not exist on type 'Int32Array'.
(8,32): error TS2339: Property 'reduce' does not exist on type 'Uint32Array'.
(9,33): error TS2339: Property 'reduce' does not exist on type 'Float32Array'.
(10,33): error TS2339: Property 'reduce' does not exist on type 'Float64Array'.
*/">
test(function(){try{return Function("/* Error during compilation: \n(2,35): error TS2339: Property 'reduce' does not exist on type 'Int8Array'.\n(3,31): error TS2339: Property 'reduce' does not exist on type 'Uint8Array'.\n(4,10): error TS2304: Cannot find name 'Uint8ClampedArray'.\n(5,31): error TS2339: Property 'reduce' does not exist on type 'Int16Array'.\n(6,32): error TS2339: Property 'reduce' does not exist on type 'Uint16Array'.\n(7,31): error TS2339: Property 'reduce' does not exist on type 'Int32Array'.\n(8,32): error TS2339: Property 'reduce' does not exist on type 'Uint32Array'.\n(9,33): error TS2339: Property 'reduce' does not exist on type 'Float32Array'.\n(10,33): error TS2339: Property 'reduce' does not exist on type 'Float64Array'.\n*/")()}catch(e){return false;}}());
</script>

        <tr class="subtest" data-parent="typed_arrays">
          <td><span>%TypedArray%.prototype.reduceRight</span></td>
<script data-source="/* Error during compilation: 
(2,35): error TS2339: Property 'reduceRight' does not exist on type 'Int8Array'.
(3,31): error TS2339: Property 'reduceRight' does not exist on type 'Uint8Array'.
(4,10): error TS2304: Cannot find name 'Uint8ClampedArray'.
(5,31): error TS2339: Property 'reduceRight' does not exist on type 'Int16Array'.
(6,32): error TS2339: Property 'reduceRight' does not exist on type 'Uint16Array'.
(7,31): error TS2339: Property 'reduceRight' does not exist on type 'Int32Array'.
(8,32): error TS2339: Property 'reduceRight' does not exist on type 'Uint32Array'.
(9,33): error TS2339: Property 'reduceRight' does not exist on type 'Float32Array'.
(10,33): error TS2339: Property 'reduceRight' does not exist on type 'Float64Array'.
*/">
test(function(){try{return Function("/* Error during compilation: \n(2,35): error TS2339: Property 'reduceRight' does not exist on type 'Int8Array'.\n(3,31): error TS2339: Property 'reduceRight' does not exist on type 'Uint8Array'.\n(4,10): error TS2304: Cannot find name 'Uint8ClampedArray'.\n(5,31): error TS2339: Property 'reduceRight' does not exist on type 'Int16Array'.\n(6,32): error TS2339: Property 'reduceRight' does not exist on type 'Uint16Array'.\n(7,31): error TS2339: Property 'reduceRight' does not exist on type 'Int32Array'.\n(8,32): error TS2339: Property 'reduceRight' does not exist on type 'Uint32Array'.\n(9,33): error TS2339: Property 'reduceRight' does not exist on type 'Float32Array'.\n(10,33): error TS2339: Property 'reduceRight' does not exist on type 'Float64Array'.\n*/")()}catch(e){return false;}}());
</script>

        <tr class="subtest" data-parent="typed_arrays">
          <td><span>%TypedArray%.prototype.reverse</span></td>
<script data-source="/* Error during compilation: 
(2,35): error TS2339: Property 'reverse' does not exist on type 'Int8Array'.
(3,31): error TS2339: Property 'reverse' does not exist on type 'Uint8Array'.
(4,10): error TS2304: Cannot find name 'Uint8ClampedArray'.
(5,31): error TS2339: Property 'reverse' does not exist on type 'Int16Array'.
(6,32): error TS2339: Property 'reverse' does not exist on type 'Uint16Array'.
(7,31): error TS2339: Property 'reverse' does not exist on type 'Int32Array'.
(8,32): error TS2339: Property 'reverse' does not exist on type 'Uint32Array'.
(9,33): error TS2339: Property 'reverse' does not exist on type 'Float32Array'.
(10,33): error TS2339: Property 'reverse' does not exist on type 'Float64Array'.
*/">
test(function(){try{return Function("/* Error during compilation: \n(2,35): error TS2339: Property 'reverse' does not exist on type 'Int8Array'.\n(3,31): error TS2339: Property 'reverse' does not exist on type 'Uint8Array'.\n(4,10): error TS2304: Cannot find name 'Uint8ClampedArray'.\n(5,31): error TS2339: Property 'reverse' does not exist on type 'Int16Array'.\n(6,32): error TS2339: Property 'reverse' does not exist on type 'Uint16Array'.\n(7,31): error TS2339: Property 'reverse' does not exist on type 'Int32Array'.\n(8,32): error TS2339: Property 'reverse' does not exist on type 'Uint32Array'.\n(9,33): error TS2339: Property 'reverse' does not exist on type 'Float32Array'.\n(10,33): error TS2339: Property 'reverse' does not exist on type 'Float64Array'.\n*/")()}catch(e){return false;}}());
</script>

        <tr class="subtest" data-parent="typed_arrays">
          <td><span>%TypedArray%.prototype.some</span></td>
<script data-source="/* Error during compilation: 
(2,35): error TS2339: Property 'some' does not exist on type 'Int8Array'.
(3,31): error TS2339: Property 'some' does not exist on type 'Uint8Array'.
(4,10): error TS2304: Cannot find name 'Uint8ClampedArray'.
(5,31): error TS2339: Property 'some' does not exist on type 'Int16Array'.
(6,32): error TS2339: Property 'some' does not exist on type 'Uint16Array'.
(7,31): error TS2339: Property 'some' does not exist on type 'Int32Array'.
(8,32): error TS2339: Property 'some' does not exist on type 'Uint32Array'.
(9,33): error TS2339: Property 'some' does not exist on type 'Float32Array'.
(10,33): error TS2339: Property 'some' does not exist on type 'Float64Array'.
*/">
test(function(){try{return Function("/* Error during compilation: \n(2,35): error TS2339: Property 'some' does not exist on type 'Int8Array'.\n(3,31): error TS2339: Property 'some' does not exist on type 'Uint8Array'.\n(4,10): error TS2304: Cannot find name 'Uint8ClampedArray'.\n(5,31): error TS2339: Property 'some' does not exist on type 'Int16Array'.\n(6,32): error TS2339: Property 'some' does not exist on type 'Uint16Array'.\n(7,31): error TS2339: Property 'some' does not exist on type 'Int32Array'.\n(8,32): error TS2339: Property 'some' does not exist on type 'Uint32Array'.\n(9,33): error TS2339: Property 'some' does not exist on type 'Float32Array'.\n(10,33): error TS2339: Property 'some' does not exist on type 'Float64Array'.\n*/")()}catch(e){return false;}}());
</script>

        <tr class="subtest" data-parent="typed_arrays">
          <td><span>%TypedArray%.prototype.sort</span></td>
<script data-source="/* Error during compilation: 
(2,35): error TS2339: Property 'sort' does not exist on type 'Int8Array'.
(3,31): error TS2339: Property 'sort' does not exist on type 'Uint8Array'.
(4,10): error TS2304: Cannot find name 'Uint8ClampedArray'.
(5,31): error TS2339: Property 'sort' does not exist on type 'Int16Array'.
(6,32): error TS2339: Property 'sort' does not exist on type 'Uint16Array'.
(7,31): error TS2339: Property 'sort' does not exist on type 'Int32Array'.
(8,32): error TS2339: Property 'sort' does not exist on type 'Uint32Array'.
(9,33): error TS2339: Property 'sort' does not exist on type 'Float32Array'.
(10,33): error TS2339: Property 'sort' does not exist on type 'Float64Array'.
*/">
test(function(){try{return Function("/* Error during compilation: \n(2,35): error TS2339: Property 'sort' does not exist on type 'Int8Array'.\n(3,31): error TS2339: Property 'sort' does not exist on type 'Uint8Array'.\n(4,10): error TS2304: Cannot find name 'Uint8ClampedArray'.\n(5,31): error TS2339: Property 'sort' does not exist on type 'Int16Array'.\n(6,32): error TS2339: Property 'sort' does not exist on type 'Uint16Array'.\n(7,31): error TS2339: Property 'sort' does not exist on type 'Int32Array'.\n(8,32): error TS2339: Property 'sort' does not exist on type 'Uint32Array'.\n(9,33): error TS2339: Property 'sort' does not exist on type 'Float32Array'.\n(10,33): error TS2339: Property 'sort' does not exist on type 'Float64Array'.\n*/")()}catch(e){return false;}}());
</script>

        <tr class="subtest" data-parent="typed_arrays">
          <td><span>%TypedArray%.prototype.copyWithin</span></td>
<script data-source="/* Error during compilation: 
(2,35): error TS2339: Property 'copyWithin' does not exist on type 'Int8Array'.
(3,31): error TS2339: Property 'copyWithin' does not exist on type 'Uint8Array'.
(4,10): error TS2304: Cannot find name 'Uint8ClampedArray'.
(5,31): error TS2339: Property 'copyWithin' does not exist on type 'Int16Array'.
(6,32): error TS2339: Property 'copyWithin' does not exist on type 'Uint16Array'.
(7,31): error TS2339: Property 'copyWithin' does not exist on type 'Int32Array'.
(8,32): error TS2339: Property 'copyWithin' does not exist on type 'Uint32Array'.
(9,33): error TS2339: Property 'copyWithin' does not exist on type 'Float32Array'.
(10,33): error TS2339: Property 'copyWithin' does not exist on type 'Float64Array'.
*/">
test(function(){try{return Function("/* Error during compilation: \n(2,35): error TS2339: Property 'copyWithin' does not exist on type 'Int8Array'.\n(3,31): error TS2339: Property 'copyWithin' does not exist on type 'Uint8Array'.\n(4,10): error TS2304: Cannot find name 'Uint8ClampedArray'.\n(5,31): error TS2339: Property 'copyWithin' does not exist on type 'Int16Array'.\n(6,32): error TS2339: Property 'copyWithin' does not exist on type 'Uint16Array'.\n(7,31): error TS2339: Property 'copyWithin' does not exist on type 'Int32Array'.\n(8,32): error TS2339: Property 'copyWithin' does not exist on type 'Uint32Array'.\n(9,33): error TS2339: Property 'copyWithin' does not exist on type 'Float32Array'.\n(10,33): error TS2339: Property 'copyWithin' does not exist on type 'Float64Array'.\n*/")()}catch(e){return false;}}());
</script>

        <tr class="subtest" data-parent="typed_arrays">
          <td><span>%TypedArray%.prototype.find</span></td>
<script data-source="/* Error during compilation: 
(2,35): error TS2339: Property 'find' does not exist on type 'Int8Array'.
(3,31): error TS2339: Property 'find' does not exist on type 'Uint8Array'.
(4,10): error TS2304: Cannot find name 'Uint8ClampedArray'.
(5,31): error TS2339: Property 'find' does not exist on type 'Int16Array'.
(6,32): error TS2339: Property 'find' does not exist on type 'Uint16Array'.
(7,31): error TS2339: Property 'find' does not exist on type 'Int32Array'.
(8,32): error TS2339: Property 'find' does not exist on type 'Uint32Array'.
(9,33): error TS2339: Property 'find' does not exist on type 'Float32Array'.
(10,33): error TS2339: Property 'find' does not exist on type 'Float64Array'.
*/">
test(function(){try{return Function("/* Error during compilation: \n(2,35): error TS2339: Property 'find' does not exist on type 'Int8Array'.\n(3,31): error TS2339: Property 'find' does not exist on type 'Uint8Array'.\n(4,10): error TS2304: Cannot find name 'Uint8ClampedArray'.\n(5,31): error TS2339: Property 'find' does not exist on type 'Int16Array'.\n(6,32): error TS2339: Property 'find' does not exist on type 'Uint16Array'.\n(7,31): error TS2339: Property 'find' does not exist on type 'Int32Array'.\n(8,32): error TS2339: Property 'find' does not exist on type 'Uint32Array'.\n(9,33): error TS2339: Property 'find' does not exist on type 'Float32Array'.\n(10,33): error TS2339: Property 'find' does not exist on type 'Float64Array'.\n*/")()}catch(e){return false;}}());
</script>

        <tr class="subtest" data-parent="typed_arrays">
          <td><span>%TypedArray%.prototype.findIndex</span></td>
<script data-source="/* Error during compilation: 
(2,35): error TS2339: Property 'findIndex' does not exist on type 'Int8Array'.
(3,31): error TS2339: Property 'findIndex' does not exist on type 'Uint8Array'.
(4,10): error TS2304: Cannot find name 'Uint8ClampedArray'.
(5,31): error TS2339: Property 'findIndex' does not exist on type 'Int16Array'.
(6,32): error TS2339: Property 'findIndex' does not exist on type 'Uint16Array'.
(7,31): error TS2339: Property 'findIndex' does not exist on type 'Int32Array'.
(8,32): error TS2339: Property 'findIndex' does not exist on type 'Uint32Array'.
(9,33): error TS2339: Property 'findIndex' does not exist on type 'Float32Array'.
(10,33): error TS2339: Property 'findIndex' does not exist on type 'Float64Array'.
*/">
test(function(){try{return Function("/* Error during compilation: \n(2,35): error TS2339: Property 'findIndex' does not exist on type 'Int8Array'.\n(3,31): error TS2339: Property 'findIndex' does not exist on type 'Uint8Array'.\n(4,10): error TS2304: Cannot find name 'Uint8ClampedArray'.\n(5,31): error TS2339: Property 'findIndex' does not exist on type 'Int16Array'.\n(6,32): error TS2339: Property 'findIndex' does not exist on type 'Uint16Array'.\n(7,31): error TS2339: Property 'findIndex' does not exist on type 'Int32Array'.\n(8,32): error TS2339: Property 'findIndex' does not exist on type 'Uint32Array'.\n(9,33): error TS2339: Property 'findIndex' does not exist on type 'Float32Array'.\n(10,33): error TS2339: Property 'findIndex' does not exist on type 'Float64Array'.\n*/")()}catch(e){return false;}}());
</script>

        <tr class="subtest" data-parent="typed_arrays">
          <td><span>%TypedArray%.prototype.fill</span></td>
<script data-source="/* Error during compilation: 
(2,35): error TS2339: Property 'fill' does not exist on type 'Int8Array'.
(3,31): error TS2339: Property 'fill' does not exist on type 'Uint8Array'.
(4,10): error TS2304: Cannot find name 'Uint8ClampedArray'.
(5,31): error TS2339: Property 'fill' does not exist on type 'Int16Array'.
(6,32): error TS2339: Property 'fill' does not exist on type 'Uint16Array'.
(7,31): error TS2339: Property 'fill' does not exist on type 'Int32Array'.
(8,32): error TS2339: Property 'fill' does not exist on type 'Uint32Array'.
(9,33): error TS2339: Property 'fill' does not exist on type 'Float32Array'.
(10,33): error TS2339: Property 'fill' does not exist on type 'Float64Array'.
*/">
test(function(){try{return Function("/* Error during compilation: \n(2,35): error TS2339: Property 'fill' does not exist on type 'Int8Array'.\n(3,31): error TS2339: Property 'fill' does not exist on type 'Uint8Array'.\n(4,10): error TS2304: Cannot find name 'Uint8ClampedArray'.\n(5,31): error TS2339: Property 'fill' does not exist on type 'Int16Array'.\n(6,32): error TS2339: Property 'fill' does not exist on type 'Uint16Array'.\n(7,31): error TS2339: Property 'fill' does not exist on type 'Int32Array'.\n(8,32): error TS2339: Property 'fill' does not exist on type 'Uint32Array'.\n(9,33): error TS2339: Property 'fill' does not exist on type 'Float32Array'.\n(10,33): error TS2339: Property 'fill' does not exist on type 'Float64Array'.\n*/")()}catch(e){return false;}}());
</script>

        <tr class="subtest" data-parent="typed_arrays">
          <td><span>%TypedArray%.prototype.keys</span></td>
<script data-source="/* Error during compilation: 
(2,35): error TS2339: Property 'keys' does not exist on type 'Int8Array'.
(3,31): error TS2339: Property 'keys' does not exist on type 'Uint8Array'.
(4,10): error TS2304: Cannot find name 'Uint8ClampedArray'.
(5,31): error TS2339: Property 'keys' does not exist on type 'Int16Array'.
(6,32): error TS2339: Property 'keys' does not exist on type 'Uint16Array'.
(7,31): error TS2339: Property 'keys' does not exist on type 'Int32Array'.
(8,32): error TS2339: Property 'keys' does not exist on type 'Uint32Array'.
(9,33): error TS2339: Property 'keys' does not exist on type 'Float32Array'.
(10,33): error TS2339: Property 'keys' does not exist on type 'Float64Array'.
*/">
test(function(){try{return Function("/* Error during compilation: \n(2,35): error TS2339: Property 'keys' does not exist on type 'Int8Array'.\n(3,31): error TS2339: Property 'keys' does not exist on type 'Uint8Array'.\n(4,10): error TS2304: Cannot find name 'Uint8ClampedArray'.\n(5,31): error TS2339: Property 'keys' does not exist on type 'Int16Array'.\n(6,32): error TS2339: Property 'keys' does not exist on type 'Uint16Array'.\n(7,31): error TS2339: Property 'keys' does not exist on type 'Int32Array'.\n(8,32): error TS2339: Property 'keys' does not exist on type 'Uint32Array'.\n(9,33): error TS2339: Property 'keys' does not exist on type 'Float32Array'.\n(10,33): error TS2339: Property 'keys' does not exist on type 'Float64Array'.\n*/")()}catch(e){return false;}}());
</script>

        <tr class="subtest" data-parent="typed_arrays">
          <td><span>%TypedArray%.prototype.values</span></td>
<script data-source="/* Error during compilation: 
(2,35): error TS2339: Property 'values' does not exist on type 'Int8Array'.
(3,31): error TS2339: Property 'values' does not exist on type 'Uint8Array'.
(4,10): error TS2304: Cannot find name 'Uint8ClampedArray'.
(5,31): error TS2339: Property 'values' does not exist on type 'Int16Array'.
(6,32): error TS2339: Property 'values' does not exist on type 'Uint16Array'.
(7,31): error TS2339: Property 'values' does not exist on type 'Int32Array'.
(8,32): error TS2339: Property 'values' does not exist on type 'Uint32Array'.
(9,33): error TS2339: Property 'values' does not exist on type 'Float32Array'.
(10,33): error TS2339: Property 'values' does not exist on type 'Float64Array'.
*/">
test(function(){try{return Function("/* Error during compilation: \n(2,35): error TS2339: Property 'values' does not exist on type 'Int8Array'.\n(3,31): error TS2339: Property 'values' does not exist on type 'Uint8Array'.\n(4,10): error TS2304: Cannot find name 'Uint8ClampedArray'.\n(5,31): error TS2339: Property 'values' does not exist on type 'Int16Array'.\n(6,32): error TS2339: Property 'values' does not exist on type 'Uint16Array'.\n(7,31): error TS2339: Property 'values' does not exist on type 'Int32Array'.\n(8,32): error TS2339: Property 'values' does not exist on type 'Uint32Array'.\n(9,33): error TS2339: Property 'values' does not exist on type 'Float32Array'.\n(10,33): error TS2339: Property 'values' does not exist on type 'Float64Array'.\n*/")()}catch(e){return false;}}());
</script>

        <tr class="subtest" data-parent="typed_arrays">
          <td><span>%TypedArray%.prototype.entries</span></td>
<script data-source="/* Error during compilation: 
(2,35): error TS2339: Property 'entries' does not exist on type 'Int8Array'.
(3,31): error TS2339: Property 'entries' does not exist on type 'Uint8Array'.
(4,10): error TS2304: Cannot find name 'Uint8ClampedArray'.
(5,31): error TS2339: Property 'entries' does not exist on type 'Int16Array'.
(6,32): error TS2339: Property 'entries' does not exist on type 'Uint16Array'.
(7,31): error TS2339: Property 'entries' does not exist on type 'Int32Array'.
(8,32): error TS2339: Property 'entries' does not exist on type 'Uint32Array'.
(9,33): error TS2339: Property 'entries' does not exist on type 'Float32Array'.
(10,33): error TS2339: Property 'entries' does not exist on type 'Float64Array'.
*/">
test(function(){try{return Function("/* Error during compilation: \n(2,35): error TS2339: Property 'entries' does not exist on type 'Int8Array'.\n(3,31): error TS2339: Property 'entries' does not exist on type 'Uint8Array'.\n(4,10): error TS2304: Cannot find name 'Uint8ClampedArray'.\n(5,31): error TS2339: Property 'entries' does not exist on type 'Int16Array'.\n(6,32): error TS2339: Property 'entries' does not exist on type 'Uint16Array'.\n(7,31): error TS2339: Property 'entries' does not exist on type 'Int32Array'.\n(8,32): error TS2339: Property 'entries' does not exist on type 'Uint32Array'.\n(9,33): error TS2339: Property 'entries' does not exist on type 'Float32Array'.\n(10,33): error TS2339: Property 'entries' does not exist on type 'Float64Array'.\n*/")()}catch(e){return false;}}());
</script>

        </tr>
        <tr class="supertest">
          <td id="Map"><span><a class="anchor" href="#Map">&sect;</a><a href="https://people.mozilla.org/~jorendorff/es6-draft.html#sec-map-objects">Map</a></span></td>

        <tr class="subtest" data-parent="Map">
          <td><span>basic functionality</span></td>
<script data-source="(function () {
    var key = {};
    var map = new Map();
    map.set(key, 123);
    return map.has(key) && map.get(key) === 123;
});
">
test(function(){try{return eval("(function () {\n    var key = {};\n    var map = new Map();\n    map.set(key, 123);\n    return map.has(key) && map.get(key) === 123;\n});\n")()}catch(e){return false;}}());
</script>

        <tr class="subtest" data-parent="Map">
          <td><span>constructor arguments</span></td>
<script data-source="/* Error during compilation: 
(4,11): error TS2346: Supplied parameters do not match any signature of call target.
*/">
test(function(){try{return Function("/* Error during compilation: \n(4,11): error TS2346: Supplied parameters do not match any signature of call target.\n*/")()}catch(e){return false;}}());
</script>

        <tr class="subtest" data-parent="Map">
          <td><span>Map.prototype.set returns this</span></td>
<script data-source="(function () {
    var map = new Map();
    return map.set(0, 0) === map;
});
">
test(function(){try{return eval("(function () {\n    var map = new Map();\n    return map.set(0, 0) === map;\n});\n")()}catch(e){return false;}}());
</script>

        <tr class="subtest" data-parent="Map">
          <td><span>-0 key converts to +0</span></td>
<script data-source="/* Error during compilation: 
(6,11): error TS2363: The right-hand side of an arithmetic operation must be of type 'any', 'number' or an enum type.
*/">
test(function(){try{return Function("/* Error during compilation: \n(6,11): error TS2363: The right-hand side of an arithmetic operation must be of type 'any', 'number' or an enum type.\n*/")()}catch(e){return false;}}());
</script>

        <tr class="subtest" data-parent="Map">
          <td><span>Map.prototype.size</span></td>
<script data-source="(function () {
    var key = {};
    var map = new Map();
    map.set(key, 123);
    return map.size === 1;
});
">
test(function(){try{return eval("(function () {\n    var key = {};\n    var map = new Map();\n    map.set(key, 123);\n    return map.size === 1;\n});\n")()}catch(e){return false;}}());
</script>

        <tr class="subtest" data-parent="Map">
          <td><span>Map.prototype.delete</span></td>
<script data-source="(function () {
    return typeof Map.prototype.delete === &quot;function&quot;;
});
">
test(function(){try{return eval("(function () {\n    return typeof Map.prototype.delete === \"function\";\n});\n")()}catch(e){return false;}}());
</script>

        <tr class="subtest" data-parent="Map">
          <td><span>Map.prototype.clear</span></td>
<script data-source="(function () {
    return typeof Map.prototype.clear === &quot;function&quot;;
});
">
test(function(){try{return eval("(function () {\n    return typeof Map.prototype.clear === \"function\";\n});\n")()}catch(e){return false;}}());
</script>

        <tr class="subtest" data-parent="Map">
          <td><span>Map.prototype.forEach</span></td>
<script data-source="(function () {
    return typeof Map.prototype.forEach === &quot;function&quot;;
});
">
test(function(){try{return eval("(function () {\n    return typeof Map.prototype.forEach === \"function\";\n});\n")()}catch(e){return false;}}());
</script>

        <tr class="subtest" data-parent="Map">
          <td><span>Map.prototype.keys</span></td>
<script data-source="(function () {
    return typeof Map.prototype.keys === &quot;function&quot;;
});
">
test(function(){try{return eval("(function () {\n    return typeof Map.prototype.keys === \"function\";\n});\n")()}catch(e){return false;}}());
</script>

        <tr class="subtest" data-parent="Map">
          <td><span>Map.prototype.values</span></td>
<script data-source="(function () {
    return typeof Map.prototype.values === &quot;function&quot;;
});
">
test(function(){try{return eval("(function () {\n    return typeof Map.prototype.values === \"function\";\n});\n")()}catch(e){return false;}}());
</script>

        <tr class="subtest" data-parent="Map">
          <td><span>Map.prototype.entries</span></td>
<script data-source="(function () {
    return typeof Map.prototype.entries === &quot;function&quot;;
});
">
test(function(){try{return eval("(function () {\n    return typeof Map.prototype.entries === \"function\";\n});\n")()}catch(e){return false;}}());
</script>

        </tr>
        <tr class="supertest">
          <td id="Set"><span><a class="anchor" href="#Set">&sect;</a><a href="http://people.mozilla.org/~jorendorff/es6-draft.html#sec-set-objects">Set</a></span></td>

        <tr class="subtest" data-parent="Set">
          <td><span>basic functionality</span></td>
<script data-source="(function () {
    var obj = {};
    var set = new Set();
    set.add(123);
    set.add(123);
    return set.has(123);
});
">
test(function(){try{return eval("(function () {\n    var obj = {};\n    var set = new Set();\n    set.add(123);\n    set.add(123);\n    return set.has(123);\n});\n")()}catch(e){return false;}}());
</script>

        <tr class="subtest" data-parent="Set">
          <td><span>constructor arguments</span></td>
<script data-source="/* Error during compilation: 
(4,11): error TS2346: Supplied parameters do not match any signature of call target.
*/">
test(function(){try{return Function("/* Error during compilation: \n(4,11): error TS2346: Supplied parameters do not match any signature of call target.\n*/")()}catch(e){return false;}}());
</script>

        <tr class="subtest" data-parent="Set">
          <td><span>Set.prototype.add returns this</span></td>
<script data-source="(function () {
    var set = new Set();
    return set.add(0) === set;
});
">
test(function(){try{return eval("(function () {\n    var set = new Set();\n    return set.add(0) === set;\n});\n")()}catch(e){return false;}}());
</script>

        <tr class="subtest" data-parent="Set">
          <td><span>-0 key converts to +0</span></td>
<script data-source="/* Error during compilation: 
(6,11): error TS2363: The right-hand side of an arithmetic operation must be of type 'any', 'number' or an enum type.
*/">
test(function(){try{return Function("/* Error during compilation: \n(6,11): error TS2363: The right-hand side of an arithmetic operation must be of type 'any', 'number' or an enum type.\n*/")()}catch(e){return false;}}());
</script>

        <tr class="subtest" data-parent="Set">
          <td><span>Set.prototype.size</span></td>
<script data-source="(function () {
    var obj = {};
    var set = new Set();
    set.add(123);
    set.add(123);
    set.add(456);
    return set.size === 2;
});
">
test(function(){try{return eval("(function () {\n    var obj = {};\n    var set = new Set();\n    set.add(123);\n    set.add(123);\n    set.add(456);\n    return set.size === 2;\n});\n")()}catch(e){return false;}}());
</script>

        <tr class="subtest" data-parent="Set">
          <td><span>Set.prototype.delete</span></td>
<script data-source="(function () {
    return typeof Set.prototype.delete === &quot;function&quot;;
});
">
test(function(){try{return eval("(function () {\n    return typeof Set.prototype.delete === \"function\";\n});\n")()}catch(e){return false;}}());
</script>

        <tr class="subtest" data-parent="Set">
          <td><span>Set.prototype.clear</span></td>
<script data-source="(function () {
    return typeof Set.prototype.clear === &quot;function&quot;;
});
">
test(function(){try{return eval("(function () {\n    return typeof Set.prototype.clear === \"function\";\n});\n")()}catch(e){return false;}}());
</script>

        <tr class="subtest" data-parent="Set">
          <td><span>Set.prototype.forEach</span></td>
<script data-source="(function () {
    return typeof Set.prototype.forEach === &quot;function&quot;;
});
">
test(function(){try{return eval("(function () {\n    return typeof Set.prototype.forEach === \"function\";\n});\n")()}catch(e){return false;}}());
</script>

        <tr class="subtest" data-parent="Set">
          <td><span>Set.prototype.keys</span></td>
<script data-source="(function () {
    return typeof Set.prototype.keys === &quot;function&quot;;
});
">
test(function(){try{return eval("(function () {\n    return typeof Set.prototype.keys === \"function\";\n});\n")()}catch(e){return false;}}());
</script>

        <tr class="subtest" data-parent="Set">
          <td><span>Set.prototype.values</span></td>
<script data-source="(function () {
    return typeof Set.prototype.values === &quot;function&quot;;
});
">
test(function(){try{return eval("(function () {\n    return typeof Set.prototype.values === \"function\";\n});\n")()}catch(e){return false;}}());
</script>

        <tr class="subtest" data-parent="Set">
          <td><span>Set.prototype.entries</span></td>
<script data-source="(function () {
    return typeof Set.prototype.entries === &quot;function&quot;;
});
">
test(function(){try{return eval("(function () {\n    return typeof Set.prototype.entries === \"function\";\n});\n")()}catch(e){return false;}}());
</script>

        </tr>
        <tr class="supertest">
          <td id="WeakMap"><span><a class="anchor" href="#WeakMap">&sect;</a><a href="http://people.mozilla.org/~jorendorff/es6-draft.html#sec-weakmap-objects">WeakMap</a></span></td>

        <tr class="subtest" data-parent="WeakMap">
          <td><span>basic functionality</span></td>
<script data-source="(function () {
    var key = {};
    var weakmap = new WeakMap();
    weakmap.set(key, 123);
    return weakmap.has(key) && weakmap.get(key) === 123;
});
">
test(function(){try{return eval("(function () {\n    var key = {};\n    var weakmap = new WeakMap();\n    weakmap.set(key, 123);\n    return weakmap.has(key) && weakmap.get(key) === 123;\n});\n")()}catch(e){return false;}}());
</script>

        <tr class="subtest" data-parent="WeakMap">
          <td><span>constructor arguments</span></td>
<script data-source="/* Error during compilation: 
(4,15): error TS2346: Supplied parameters do not match any signature of call target.
*/">
test(function(){try{return Function("/* Error during compilation: \n(4,15): error TS2346: Supplied parameters do not match any signature of call target.\n*/")()}catch(e){return false;}}());
</script>

        <tr class="subtest" data-parent="WeakMap">
          <td><span>WeakMap.prototype.set returns this</span></td>
<script data-source="(function () {
    var weakmap = new WeakMap();
    var key = {};
    return weakmap.set(key, 0) === weakmap;
});
">
test(function(){try{return eval("(function () {\n    var weakmap = new WeakMap();\n    var key = {};\n    return weakmap.set(key, 0) === weakmap;\n});\n")()}catch(e){return false;}}());
</script>

        <tr class="subtest" data-parent="WeakMap">
          <td><span>WeakMap.prototype.delete</span></td>
<script data-source="(function () {
    return typeof WeakMap.prototype.delete === &quot;function&quot;;
});
">
test(function(){try{return eval("(function () {\n    return typeof WeakMap.prototype.delete === \"function\";\n});\n")()}catch(e){return false;}}());
</script>

        <tr class="subtest" data-parent="WeakMap">
          <td><span>WeakMap.prototype.clear</span></td>
<script data-source="(function () {
    return typeof WeakMap.prototype.clear === &quot;function&quot;;
});
">
test(function(){try{return eval("(function () {\n    return typeof WeakMap.prototype.clear === \"function\";\n});\n")()}catch(e){return false;}}());
</script>

        </tr>
        <tr class="supertest">
          <td id="WeakSet"><span><a class="anchor" href="#WeakSet">&sect;</a><a href="https://people.mozilla.org/~jorendorff/es6-draft.html#sec-weakset-objects">WeakSet</a></span></td>

        <tr class="subtest" data-parent="WeakSet">
          <td><span>basic functionality</span></td>
<script data-source="/* Error during compilation: 
(3,19): error TS2304: Cannot find name 'WeakSet'.
*/">
test(function(){try{return Function("/* Error during compilation: \n(3,19): error TS2304: Cannot find name 'WeakSet'.\n*/")()}catch(e){return false;}}());
</script>

        <tr class="subtest" data-parent="WeakSet">
          <td><span>constructor arguments</span></td>
<script data-source="/* Error during compilation: 
(3,19): error TS2304: Cannot find name 'WeakSet'.
*/">
test(function(){try{return Function("/* Error during compilation: \n(3,19): error TS2304: Cannot find name 'WeakSet'.\n*/")()}catch(e){return false;}}());
</script>

        <tr class="subtest" data-parent="WeakSet">
          <td><span>WeakSet.prototype.add returns this</span></td>
<script data-source="/* Error during compilation: 
(2,19): error TS2304: Cannot find name 'WeakSet'.
*/">
test(function(){try{return Function("/* Error during compilation: \n(2,19): error TS2304: Cannot find name 'WeakSet'.\n*/")()}catch(e){return false;}}());
</script>

        <tr class="subtest" data-parent="WeakSet">
          <td><span>WeakSet.prototype.delete</span></td>
<script data-source="/* Error during compilation: 
(2,15): error TS2304: Cannot find name 'WeakSet'.
*/">
test(function(){try{return Function("/* Error during compilation: \n(2,15): error TS2304: Cannot find name 'WeakSet'.\n*/")()}catch(e){return false;}}());
</script>

        <tr class="subtest" data-parent="WeakSet">
          <td><span>WeakSet.prototype.clear</span></td>
<script data-source="/* Error during compilation: 
(2,15): error TS2304: Cannot find name 'WeakSet'.
*/">
test(function(){try{return Function("/* Error during compilation: \n(2,15): error TS2304: Cannot find name 'WeakSet'.\n*/")()}catch(e){return false;}}());
</script>

        </tr>
        <tr class="supertest">
          <td id="Proxy"><span><a class="anchor" href="#Proxy">&sect;</a><a href="https://people.mozilla.org/~jorendorff/es6-draft.html#sec-proxy-object-internal-methods-and-internal-slots">Proxy</a></span></td>

        <tr class="subtest" data-parent="Proxy">
          <td><span>"get" handler</span></td>
<script data-source="/* Error during compilation: 
(3,17): error TS2304: Cannot find name 'Proxy'.
*/">
test(function(){try{return Function("/* Error during compilation: \n(3,17): error TS2304: Cannot find name 'Proxy'.\n*/")()}catch(e){return false;}}());
</script>

        <tr class="subtest" data-parent="Proxy">
          <td><span>"set" handler</span></td>
<script data-source="/* Error during compilation: 
(4,17): error TS2304: Cannot find name 'Proxy'.
*/">
test(function(){try{return Function("/* Error during compilation: \n(4,17): error TS2304: Cannot find name 'Proxy'.\n*/")()}catch(e){return false;}}());
</script>

        <tr class="subtest" data-parent="Proxy">
          <td><span>"has" handler</span></td>
<script data-source="/* Error during compilation: 
(4,10): error TS2361: The right-hand side of an 'in' expression must be of type 'any', an object type or a type parameter
(4,14): error TS2304: Cannot find name 'Proxy'.
*/">
test(function(){try{return Function("/* Error during compilation: \n(4,10): error TS2361: The right-hand side of an 'in' expression must be of type 'any', an object type or a type parameter\n(4,14): error TS2304: Cannot find name 'Proxy'.\n*/")()}catch(e){return false;}}());
</script>

        <tr class="subtest" data-parent="Proxy">
          <td><span>"deleteProperty" handler</span></td>
<script data-source="/* Error during compilation: 
(4,14): error TS2304: Cannot find name 'Proxy'.
*/">
test(function(){try{return Function("/* Error during compilation: \n(4,14): error TS2304: Cannot find name 'Proxy'.\n*/")()}catch(e){return false;}}());
</script>

        <tr class="subtest" data-parent="Proxy">
          <td><span>"getOwnPropertyDescriptor" handler</span></td>
<script data-source="/* Error during compilation: 
(5,7): error TS2304: Cannot find name 'Proxy'.
*/">
test(function(){try{return Function("/* Error during compilation: \n(5,7): error TS2304: Cannot find name 'Proxy'.\n*/")()}catch(e){return false;}}());
</script>

        <tr class="subtest" data-parent="Proxy">
          <td><span>"defineProperty" handler</span></td>
<script data-source="/* Error during compilation: 
(5,7): error TS2304: Cannot find name 'Proxy'.
*/">
test(function(){try{return Function("/* Error during compilation: \n(5,7): error TS2304: Cannot find name 'Proxy'.\n*/")()}catch(e){return false;}}());
</script>

        <tr class="subtest" data-parent="Proxy">
          <td><span>"getPrototypeOf" handler</span></td>
<script data-source="/* Error during compilation: 
(4,17): error TS2304: Cannot find name 'Proxy'.
*/">
test(function(){try{return Function("/* Error during compilation: \n(4,17): error TS2304: Cannot find name 'Proxy'.\n*/")()}catch(e){return false;}}());
</script>

        <tr class="subtest" data-parent="Proxy">
          <td><span>"setPrototypeOf" handler</span></td>
<script data-source="/* Error during compilation: 
(5,8): error TS2339: Property 'setPrototypeOf' does not exist on type '{ (): any; (value: any): any; new (value?: any): Object; prototype: Object; getPrototypeOf(o: any...'.
(6,7): error TS2304: Cannot find name 'Proxy'.
*/">
test(function(){try{return Function("/* Error during compilation: \n(5,8): error TS2339: Property 'setPrototypeOf' does not exist on type '{ (): any; (value: any): any; new (value?: any): Object; prototype: Object; getPrototypeOf(o: any...'.\n(6,7): error TS2304: Cannot find name 'Proxy'.\n*/")()}catch(e){return false;}}());
</script>

        <tr class="subtest" data-parent="Proxy">
          <td><span>"isExtensible" handler</span></td>
<script data-source="/* Error during compilation: 
(5,7): error TS2304: Cannot find name 'Proxy'.
*/">
test(function(){try{return Function("/* Error during compilation: \n(5,7): error TS2304: Cannot find name 'Proxy'.\n*/")()}catch(e){return false;}}());
</script>

        <tr class="subtest" data-parent="Proxy">
          <td><span>"preventExtensions" handler</span></td>
<script data-source="/* Error during compilation: 
(5,7): error TS2304: Cannot find name 'Proxy'.
*/">
test(function(){try{return Function("/* Error during compilation: \n(5,7): error TS2304: Cannot find name 'Proxy'.\n*/")()}catch(e){return false;}}());
</script>

        <tr class="subtest" data-parent="Proxy">
          <td><span>"enumerate" handler</span></td>
<script data-source="/* Error during compilation: 
(5,7): error TS2304: Cannot find name 'Proxy'.
*/">
test(function(){try{return Function("/* Error during compilation: \n(5,7): error TS2304: Cannot find name 'Proxy'.\n*/")()}catch(e){return false;}}());
</script>

        <tr class="subtest" data-parent="Proxy">
          <td><span>"ownKeys" handler</span></td>
<script data-source="/* Error during compilation: 
(5,7): error TS2304: Cannot find name 'Proxy'.
*/">
test(function(){try{return Function("/* Error during compilation: \n(5,7): error TS2304: Cannot find name 'Proxy'.\n*/")()}catch(e){return false;}}());
</script>

        <tr class="subtest" data-parent="Proxy">
          <td><span>"apply" handler</span></td>
<script data-source="/* Error during compilation: 
(5,15): error TS2304: Cannot find name 'Proxy'.
*/">
test(function(){try{return Function("/* Error during compilation: \n(5,15): error TS2304: Cannot find name 'Proxy'.\n*/")()}catch(e){return false;}}());
</script>

        <tr class="subtest" data-parent="Proxy">
          <td><span>"construct" handler</span></td>
<script data-source="/* Error during compilation: 
(4,9): error TS2304: Cannot find name 'Proxy'.
*/">
test(function(){try{return Function("/* Error during compilation: \n(4,9): error TS2304: Cannot find name 'Proxy'.\n*/")()}catch(e){return false;}}());
</script>

        <tr class="subtest" data-parent="Proxy">
          <td><span>Proxy.revocable</span></td>
<script data-source="/* Error during compilation: 
(2,11): error TS2304: Cannot find name 'Proxy'.
(8,3): error TS2447: The '&=' operator is not allowed for boolean types. Consider using '&&' instead.
*/">
test(function(){try{return Function("/* Error during compilation: \n(2,11): error TS2304: Cannot find name 'Proxy'.\n(8,3): error TS2447: The '&=' operator is not allowed for boolean types. Consider using '&&' instead.\n*/")()}catch(e){return false;}}());
</script>

        </tr>
        <tr class="supertest">
          <td id="Reflect"><span><a class="anchor" href="#Reflect">&sect;</a><a href="https://people.mozilla.org/~jorendorff/es6-draft.html#sec-reflection">Reflect</a></span></td>

        <tr class="subtest" data-parent="Reflect">
          <td><span>Reflect.get</span></td>
<script data-source="/* Error during compilation: 
(2,8): error TS2304: Cannot find name 'Reflect'.
*/">
test(function(){try{return Function("/* Error during compilation: \n(2,8): error TS2304: Cannot find name 'Reflect'.\n*/")()}catch(e){return false;}}());
</script>

        <tr class="subtest" data-parent="Reflect">
          <td><span>Reflect.set</span></td>
<script data-source="/* Error during compilation: 
(3,1): error TS2304: Cannot find name 'Reflect'.
(4,12): error TS2339: Property 'quux' does not exist on type '{}'.
*/">
test(function(){try{return Function("/* Error during compilation: \n(3,1): error TS2304: Cannot find name 'Reflect'.\n(4,12): error TS2339: Property 'quux' does not exist on type '{}'.\n*/")()}catch(e){return false;}}());
</script>

        <tr class="subtest" data-parent="Reflect">
          <td><span>Reflect.has</span></td>
<script data-source="/* Error during compilation: 
(2,8): error TS2304: Cannot find name 'Reflect'.
*/">
test(function(){try{return Function("/* Error during compilation: \n(2,8): error TS2304: Cannot find name 'Reflect'.\n*/")()}catch(e){return false;}}());
</script>

        <tr class="subtest" data-parent="Reflect">
          <td><span>Reflect.deleteProperty</span></td>
<script data-source="/* Error during compilation: 
(3,1): error TS2304: Cannot find name 'Reflect'.
*/">
test(function(){try{return Function("/* Error during compilation: \n(3,1): error TS2304: Cannot find name 'Reflect'.\n*/")()}catch(e){return false;}}());
</script>

        <tr class="subtest" data-parent="Reflect">
          <td><span>Reflect.getOwnPropertyDescriptor</span></td>
<script data-source="/* Error during compilation: 
(3,12): error TS2304: Cannot find name 'Reflect'.
*/">
test(function(){try{return Function("/* Error during compilation: \n(3,12): error TS2304: Cannot find name 'Reflect'.\n*/")()}catch(e){return false;}}());
</script>

        <tr class="subtest" data-parent="Reflect">
          <td><span>Reflect.defineProperty</span></td>
<script data-source="/* Error during compilation: 
(3,1): error TS2304: Cannot find name 'Reflect'.
(4,12): error TS2339: Property 'foo' does not exist on type '{}'.
*/">
test(function(){try{return Function("/* Error during compilation: \n(3,1): error TS2304: Cannot find name 'Reflect'.\n(4,12): error TS2339: Property 'foo' does not exist on type '{}'.\n*/")()}catch(e){return false;}}());
</script>

        <tr class="subtest" data-parent="Reflect">
          <td><span>Reflect.getPrototypeOf</span></td>
<script data-source="/* Error during compilation: 
(2,8): error TS2304: Cannot find name 'Reflect'.
*/">
test(function(){try{return Function("/* Error during compilation: \n(2,8): error TS2304: Cannot find name 'Reflect'.\n*/")()}catch(e){return false;}}());
</script>

        <tr class="subtest" data-parent="Reflect">
          <td><span>Reflect.setPrototypeOf</span></td>
<script data-source="/* Error during compilation: 
(3,1): error TS2304: Cannot find name 'Reflect'.
*/">
test(function(){try{return Function("/* Error during compilation: \n(3,1): error TS2304: Cannot find name 'Reflect'.\n*/")()}catch(e){return false;}}());
</script>

        <tr class="subtest" data-parent="Reflect">
          <td><span>Reflect.isExtensible</span></td>
<script data-source="/* Error during compilation: 
(2,8): error TS2304: Cannot find name 'Reflect'.
(3,4): error TS2304: Cannot find name 'Reflect'.
*/">
test(function(){try{return Function("/* Error during compilation: \n(2,8): error TS2304: Cannot find name 'Reflect'.\n(3,4): error TS2304: Cannot find name 'Reflect'.\n*/")()}catch(e){return false;}}());
</script>

        <tr class="subtest" data-parent="Reflect">
          <td><span>Reflect.preventExtensions</span></td>
<script data-source="/* Error during compilation: 
(3,1): error TS2304: Cannot find name 'Reflect'.
*/">
test(function(){try{return Function("/* Error during compilation: \n(3,1): error TS2304: Cannot find name 'Reflect'.\n*/")()}catch(e){return false;}}());
</script>

        <tr class="subtest" data-parent="Reflect">
          <td><span>Reflect.enumerate</span></td>
<script data-source="/* Error during compilation: 
(3,16): error TS2304: Cannot find name 'Reflect'.
(8,1): error TS2447: The '&=' operator is not allowed for boolean types. Consider using '&&' instead.
(10,1): error TS2447: The '&=' operator is not allowed for boolean types. Consider using '&&' instead.
*/">
test(function(){try{return Function("/* Error during compilation: \n(3,16): error TS2304: Cannot find name 'Reflect'.\n(8,1): error TS2447: The '&=' operator is not allowed for boolean types. Consider using '&&' instead.\n(10,1): error TS2447: The '&=' operator is not allowed for boolean types. Consider using '&&' instead.\n*/")()}catch(e){return false;}}());
</script>

        <tr class="subtest" data-parent="Reflect">
          <td><span>Reflect.ownKeys</span></td>
<script data-source="/* Error during compilation: 
(3,8): error TS2304: Cannot find name 'Reflect'.
*/">
test(function(){try{return Function("/* Error during compilation: \n(3,8): error TS2304: Cannot find name 'Reflect'.\n*/")()}catch(e){return false;}}());
</script>

        <tr class="subtest" data-parent="Reflect">
          <td><span>Reflect.apply</span></td>
<script data-source="/* Error during compilation: 
(2,8): error TS2304: Cannot find name 'Reflect'.
*/">
test(function(){try{return Function("/* Error during compilation: \n(2,8): error TS2304: Cannot find name 'Reflect'.\n*/")()}catch(e){return false;}}());
</script>

        <tr class="subtest" data-parent="Reflect">
          <td><span>Reflect.construct</span></td>
<script data-source="/* Error during compilation: 
(2,8): error TS2304: Cannot find name 'Reflect'.
*/">
test(function(){try{return Function("/* Error during compilation: \n(2,8): error TS2304: Cannot find name 'Reflect'.\n*/")()}catch(e){return false;}}());
</script>

        </tr>
        <tr>
          <td id="block-level_function_declaration"><span><a class="anchor" href="#block-level_function_declaration">&sect;</a><a href="https://people.mozilla.org/~jorendorff/es6-draft.html#sec-functiondeclarationinstantiation">block-level function declaration</a><a href="#block-level-function-note"><sup>[1]</sup></a></span></td>
<script data-source="(function () {
    'use strict';
    {
        function f() {
        }
    }
    return typeof f === &quot;undefined&quot;;
});
">
test(function(){try{return eval("(function () {\n    'use strict';\n    {\n        function f() {\n        }\n    }\n    return typeof f === \"undefined\";\n});\n")()}catch(e){return false;}}());
</script>

        </tr>
        <tr class="supertest">
          <td id="destructuring"><span><a class="anchor" href="#destructuring">&sect;</a><a href="https://people.mozilla.org/~jorendorff/es6-draft.html#sec-destructuring-assignment">destructuring</a></span></td>

        <tr class="subtest" data-parent="destructuring">
          <td><span>with arrays</span></td>
<script data-source="/* Error during compilation: 
(2,5): error TS1134: Variable declaration expected.
*/">
test(function(){try{return Function("/* Error during compilation: \n(2,5): error TS1134: Variable declaration expected.\n*/")()}catch(e){return false;}}());
</script>

        <tr class="subtest" data-parent="destructuring">
          <td><span>with strings</span></td>
<script data-source="/* Error during compilation: 
(2,5): error TS1134: Variable declaration expected.
*/">
test(function(){try{return Function("/* Error during compilation: \n(2,5): error TS1134: Variable declaration expected.\n*/")()}catch(e){return false;}}());
</script>

        <tr class="subtest" data-parent="destructuring">
          <td><span>with generic iterables</span></td>
<script data-source="/* Error during compilation: 
(3,5): error TS1134: Variable declaration expected.
*/">
test(function(){try{return Function("/* Error during compilation: \n(3,5): error TS1134: Variable declaration expected.\n*/")()}catch(e){return false;}}());
</script>

        <tr class="subtest" data-parent="destructuring">
          <td><span>with instances of generic iterables</span></td>
<script data-source="/* Error during compilation: 
(3,5): error TS1134: Variable declaration expected.
*/">
test(function(){try{return Function("/* Error during compilation: \n(3,5): error TS1134: Variable declaration expected.\n*/")()}catch(e){return false;}}());
</script>

        <tr class="subtest" data-parent="destructuring">
          <td><span>with objects</span></td>
<script data-source="/* Error during compilation: 
(2,5): error TS1134: Variable declaration expected.
(2,10): error TS1005: ';' expected.
(2,17): error TS1129: Statement expected.
(2,26): error TS1005: ';' expected.
*/">
test(function(){try{return Function("/* Error during compilation: \n(2,5): error TS1134: Variable declaration expected.\n(2,10): error TS1005: ';' expected.\n(2,17): error TS1129: Statement expected.\n(2,26): error TS1005: ';' expected.\n*/")()}catch(e){return false;}}());
</script>

        <tr class="subtest" data-parent="destructuring">
          <td><span>nested</span></td>
<script data-source="/* Error during compilation: 
(2,5): error TS1134: Variable declaration expected.
(2,16): error TS1005: ':' expected.
*/">
test(function(){try{return Function("/* Error during compilation: \n(2,5): error TS1134: Variable declaration expected.\n(2,16): error TS1005: ':' expected.\n*/")()}catch(e){return false;}}());
</script>

        <tr class="subtest" data-parent="destructuring">
          <td><span>parameters</span></td>
<script data-source="/* Error during compilation: 
(2,18): error TS1005: ')' expected.
(2,23): error TS1005: ';' expected.
(2,28): error TS1005: ';' expected.
(2,41): error TS1005: ';' expected.
(5,22): error TS1005: ';' expected.
*/">
test(function(){try{return Function("/* Error during compilation: \n(2,18): error TS1005: ')' expected.\n(2,23): error TS1005: ';' expected.\n(2,28): error TS1005: ';' expected.\n(2,41): error TS1005: ';' expected.\n(5,22): error TS1005: ';' expected.\n*/")()}catch(e){return false;}}());
</script>

        <tr class="subtest" data-parent="destructuring">
          <td><span>rest</span></td>
<script data-source="/* Error during compilation: 
(2,5): error TS1134: Variable declaration expected.
(2,9): error TS1137: Expression or comma expected.
(3,5): error TS1134: Variable declaration expected.
(3,9): error TS1137: Expression or comma expected.
*/">
test(function(){try{return Function("/* Error during compilation: \n(2,5): error TS1134: Variable declaration expected.\n(2,9): error TS1137: Expression or comma expected.\n(3,5): error TS1134: Variable declaration expected.\n(3,9): error TS1137: Expression or comma expected.\n*/")()}catch(e){return false;}}());
</script>

        <tr class="subtest" data-parent="destructuring">
          <td><span>defaults</span></td>
<script data-source="/* Error during compilation: 
(2,5): error TS1134: Variable declaration expected.
(2,27): error TS1129: Statement expected.
(2,36): error TS1005: ';' expected.
*/">
test(function(){try{return Function("/* Error during compilation: \n(2,5): error TS1134: Variable declaration expected.\n(2,27): error TS1129: Statement expected.\n(2,36): error TS1005: ';' expected.\n*/")()}catch(e){return false;}}());
</script>

        <tr class="subtest" data-parent="destructuring">
          <td><span>defaults in parameters</span></td>
<script data-source="/* Error during compilation: 
(2,18): error TS1005: ')' expected.
(2,41): error TS1005: ';' expected.
(2,50): error TS1005: ';' expected.
(2,59): error TS1005: ';' expected.
(2,64): error TS1005: ';' expected.
(5,27): error TS1005: ';' expected.
*/">
test(function(){try{return Function("/* Error during compilation: \n(2,18): error TS1005: ')' expected.\n(2,41): error TS1005: ';' expected.\n(2,50): error TS1005: ';' expected.\n(2,59): error TS1005: ';' expected.\n(2,64): error TS1005: ';' expected.\n(5,27): error TS1005: ';' expected.\n*/")()}catch(e){return false;}}());
</script>

        </tr>
        <tr>
          <td id="Promise"><span><a class="anchor" href="#Promise">&sect;</a><a href="https://people.mozilla.org/~jorendorff/es6-draft.html#sec-promise-objects">Promise</a></span></td>
<script data-source="/* Error during compilation: 
(2,15): error TS2304: Cannot find name 'Promise'.
(3,15): error TS2304: Cannot find name 'Promise'.
*/">
test(function(){try{return Function("/* Error during compilation: \n(2,15): error TS2304: Cannot find name 'Promise'.\n(3,15): error TS2304: Cannot find name 'Promise'.\n*/")()}catch(e){return false;}}());
</script>

        </tr>
        <tr class="supertest">
          <td id="Object_static_methods"><span><a class="anchor" href="#Object_static_methods">&sect;</a><a href="http://people.mozilla.org/~jorendorff/es6-draft.html#sec-properties-of-the-object-constructor">Object static methods</a></span></td>

        <tr class="subtest" data-parent="Object_static_methods">
          <td><span>Object.assign</span></td>
<script data-source="/* Error during compilation: 
(2,16): error TS2339: Property 'assign' does not exist on type '{ (): any; (value: any): any; new (value?: any): Object; prototype: Object; getPrototypeOf(o: any...'.
(3,15): error TS2361: The right-hand side of an 'in' expression must be of type 'any', an object type or a type parameter
(3,27): error TS2361: The right-hand side of an 'in' expression must be of type 'any', an object type or a type parameter
(3,39): error TS2361: The right-hand side of an 'in' expression must be of type 'any', an object type or a type parameter
*/">
test(function(){try{return Function("/* Error during compilation: \n(2,16): error TS2339: Property 'assign' does not exist on type '{ (): any; (value: any): any; new (value?: any): Object; prototype: Object; getPrototypeOf(o: any...'.\n(3,15): error TS2361: The right-hand side of an 'in' expression must be of type 'any', an object type or a type parameter\n(3,27): error TS2361: The right-hand side of an 'in' expression must be of type 'any', an object type or a type parameter\n(3,39): error TS2361: The right-hand side of an 'in' expression must be of type 'any', an object type or a type parameter\n*/")()}catch(e){return false;}}());
</script>

        <tr class="subtest" data-parent="Object_static_methods">
          <td><span>Object.is</span></td>
<script data-source="/* Error during compilation: 
(2,22): error TS2339: Property 'is' does not exist on type '{ (): any; (value: any): any; new (value?: any): Object; prototype: Object; getPrototypeOf(o: any...'.
(3,10): error TS2339: Property 'is' does not exist on type '{ (): any; (value: any): any; new (value?: any): Object; prototype: Object; getPrototypeOf(o: any...'.
(4,10): error TS2339: Property 'is' does not exist on type '{ (): any; (value: any): any; new (value?: any): Object; prototype: Object; getPrototypeOf(o: any...'.
*/">
test(function(){try{return Function("/* Error during compilation: \n(2,22): error TS2339: Property 'is' does not exist on type '{ (): any; (value: any): any; new (value?: any): Object; prototype: Object; getPrototypeOf(o: any...'.\n(3,10): error TS2339: Property 'is' does not exist on type '{ (): any; (value: any): any; new (value?: any): Object; prototype: Object; getPrototypeOf(o: any...'.\n(4,10): error TS2339: Property 'is' does not exist on type '{ (): any; (value: any): any; new (value?: any): Object; prototype: Object; getPrototypeOf(o: any...'.\n*/")()}catch(e){return false;}}());
</script>

        <tr class="subtest" data-parent="Object_static_methods">
          <td><span>Object.getOwnPropertySymbols</span></td>
<script data-source="/* Error during compilation: 
(3,11): error TS2304: Cannot find name 'Symbol'.
(5,15): error TS2339: Property 'getOwnPropertySymbols' does not exist on type '{ (): any; (value: any): any; new (value?: any): Object; prototype: Object; getPrototypeOf(o: any...'.
*/">
test(function(){try{return Function("/* Error during compilation: \n(3,11): error TS2304: Cannot find name 'Symbol'.\n(5,15): error TS2339: Property 'getOwnPropertySymbols' does not exist on type '{ (): any; (value: any): any; new (value?: any): Object; prototype: Object; getPrototypeOf(o: any...'.\n*/")()}catch(e){return false;}}());
</script>

        <tr class="subtest" data-parent="Object_static_methods">
          <td><span>Object.setPrototypeOf</span></td>
<script data-source="/* Error during compilation: 
(2,15): error TS2339: Property 'setPrototypeOf' does not exist on type '{ (): any; (value: any): any; new (value?: any): Object; prototype: Object; getPrototypeOf(o: any...'.
*/">
test(function(){try{return Function("/* Error during compilation: \n(2,15): error TS2339: Property 'setPrototypeOf' does not exist on type '{ (): any; (value: any): any; new (value?: any): Object; prototype: Object; getPrototypeOf(o: any...'.\n*/")()}catch(e){return false;}}());
</script>

        </tr>
        <tr class="supertest">
          <td id="function_name_property"><span><a class="anchor" href="#function_name_property">&sect;</a><a href="https://people.mozilla.org/~jorendorff/es6-draft.html#sec-setfunctionname">function "name" property</a></span></td>

        <tr class="subtest" data-parent="function_name_property">
          <td><span>function statements</span></td>
<script data-source="/* Error during compilation: 
(3,12): error TS2339: Property 'name' does not exist on type '() => void'.
(4,18): error TS2339: Property 'name' does not exist on type '() => void'.
*/">
test(function(){try{return Function("/* Error during compilation: \n(3,12): error TS2339: Property 'name' does not exist on type '() => void'.\n(4,18): error TS2339: Property 'name' does not exist on type '() => void'.\n*/")()}catch(e){return false;}}());
</script>

        <tr class="subtest" data-parent="function_name_property">
          <td><span>function expressions</span></td>
<script data-source="/* Error during compilation: 
(2,27): error TS2339: Property 'name' does not exist on type '() => void'.
(3,18): error TS2339: Property 'name' does not exist on type '() => void'.
*/">
test(function(){try{return Function("/* Error during compilation: \n(2,27): error TS2339: Property 'name' does not exist on type '() => void'.\n(3,18): error TS2339: Property 'name' does not exist on type '() => void'.\n*/")()}catch(e){return false;}}());
</script>

        <tr class="subtest" data-parent="function_name_property">
          <td><span>new Function</span></td>
<script data-source="/* Error during compilation: 
(2,23): error TS2339: Property 'name' does not exist on type 'Function'.
*/">
test(function(){try{return Function("/* Error during compilation: \n(2,23): error TS2339: Property 'name' does not exist on type 'Function'.\n*/")()}catch(e){return false;}}());
</script>

        <tr class="subtest" data-parent="function_name_property">
          <td><span>bound functions</span></td>
<script data-source="(function () {
    function foo() {
    }
    ;
    return foo.bind({}).name === &quot;bound foo&quot; && (function () {
    }).bind({}).name === &quot;bound &quot;;
});
">
test(function(){try{return eval("(function () {\n    function foo() {\n    }\n    ;\n    return foo.bind({}).name === \"bound foo\" && (function () {\n    }).bind({}).name === \"bound \";\n});\n")()}catch(e){return false;}}());
</script>

        <tr class="subtest" data-parent="function_name_property">
          <td><span>variables (function)</span></td>
<script data-source="/* Error during compilation: 
(4,12): error TS2339: Property 'name' does not exist on type '() => void'.
(4,34): error TS2339: Property 'name' does not exist on type '() => void'.
*/">
test(function(){try{return Function("/* Error during compilation: \n(4,12): error TS2339: Property 'name' does not exist on type '() => void'.\n(4,34): error TS2339: Property 'name' does not exist on type '() => void'.\n*/")()}catch(e){return false;}}());
</script>

        <tr class="subtest" data-parent="function_name_property">
          <td><span>object methods (function)</span></td>
<script data-source="/* Error during compilation: 
(3,3): error TS2339: Property 'qux' does not exist on type '{ foo: () => void; bar: () => void; }'.
(4,14): error TS2339: Property 'name' does not exist on type '() => void'.
(5,14): error TS2339: Property 'name' does not exist on type '() => void'.
(6,10): error TS2339: Property 'qux' does not exist on type '{ foo: () => void; bar: () => void; }'.
*/">
test(function(){try{return Function("/* Error during compilation: \n(3,3): error TS2339: Property 'qux' does not exist on type '{ foo: () => void; bar: () => void; }'.\n(4,14): error TS2339: Property 'name' does not exist on type '() => void'.\n(5,14): error TS2339: Property 'name' does not exist on type '() => void'.\n(6,10): error TS2339: Property 'qux' does not exist on type '{ foo: () => void; bar: () => void; }'.\n*/")()}catch(e){return false;}}());
</script>

        <tr class="subtest" data-parent="function_name_property">
          <td><span>accessor properties</span></td>
<script data-source="/* Error during compilation: 
(2,15): error TS1056: Accessors are only available when targeting ECMAScript 5 and higher.
(2,28): error TS1056: Accessors are only available when targeting ECMAScript 5 and higher.
*/">
test(function(){try{return Function("/* Error during compilation: \n(2,15): error TS1056: Accessors are only available when targeting ECMAScript 5 and higher.\n(2,28): error TS1056: Accessors are only available when targeting ECMAScript 5 and higher.\n*/")()}catch(e){return false;}}());
</script>

        <tr class="subtest" data-parent="function_name_property">
          <td><span>shorthand methods</span></td>
<script data-source="/* Error during compilation: 
(3,14): error TS2339: Property 'name' does not exist on type '() => void'.
*/">
test(function(){try{return Function("/* Error during compilation: \n(3,14): error TS2339: Property 'name' does not exist on type '() => void'.\n*/")()}catch(e){return false;}}());
</script>

        <tr class="subtest" data-parent="function_name_property">
          <td><span>symbol-keyed methods</span></td>
<script data-source="/* Error during compilation: 
(3,11): error TS2304: Cannot find name 'Symbol'.
(4,12): error TS2304: Cannot find name 'Symbol'.
*/">
test(function(){try{return Function("/* Error during compilation: \n(3,11): error TS2304: Cannot find name 'Symbol'.\n(4,12): error TS2304: Cannot find name 'Symbol'.\n*/")()}catch(e){return false;}}());
</script>

        <tr class="subtest" data-parent="function_name_property">
          <td><span>class statements</span></td>
<script data-source="/* Error during compilation: 
(2,1): error TS1129: Statement expected.
(4,1): error TS1108: A 'return' statement can only be used within a function body.
(6,7): error TS1128: Declaration or statement expected.
(6,8): error TS1128: Declaration or statement expected.
*/">
test(function(){try{return Function("/* Error during compilation: \n(2,1): error TS1129: Statement expected.\n(4,1): error TS1108: A 'return' statement can only be used within a function body.\n(6,7): error TS1128: Declaration or statement expected.\n(6,8): error TS1128: Declaration or statement expected.\n*/")()}catch(e){return false;}}());
</script>

        <tr class="subtest" data-parent="function_name_property">
          <td><span>class expressions</span></td>
<script data-source="/* Error during compilation: 
(2,8): error TS1109: Expression expected.
(2,20): error TS1128: Declaration or statement expected.
(3,10): error TS1109: Expression expected.
(3,40): error TS1128: Declaration or statement expected.
(4,7): error TS1128: Declaration or statement expected.
(4,8): error TS1128: Declaration or statement expected.
*/">
test(function(){try{return Function("/* Error during compilation: \n(2,8): error TS1109: Expression expected.\n(2,20): error TS1128: Declaration or statement expected.\n(3,10): error TS1109: Expression expected.\n(3,40): error TS1128: Declaration or statement expected.\n(4,7): error TS1128: Declaration or statement expected.\n(4,8): error TS1128: Declaration or statement expected.\n*/")()}catch(e){return false;}}());
</script>

        <tr class="subtest" data-parent="function_name_property">
          <td><span>variables (class)</span></td>
<script data-source="/* Error during compilation: 
(2,11): error TS1109: Expression expected.
(2,17): error TS1134: Variable declaration expected.
(3,11): error TS1109: Expression expected.
(4,11): error TS1109: Expression expected.
(4,17): error TS1134: Variable declaration expected.
(4,19): error TS1129: Statement expected.
(4,33): error TS1005: ';' expected.
(5,1): error TS1108: A 'return' statement can only be used within a function body.
(8,7): error TS1128: Declaration or statement expected.
(8,8): error TS1128: Declaration or statement expected.
*/">
test(function(){try{return Function("/* Error during compilation: \n(2,11): error TS1109: Expression expected.\n(2,17): error TS1134: Variable declaration expected.\n(3,11): error TS1109: Expression expected.\n(4,11): error TS1109: Expression expected.\n(4,17): error TS1134: Variable declaration expected.\n(4,19): error TS1129: Statement expected.\n(4,33): error TS1005: ';' expected.\n(5,1): error TS1108: A 'return' statement can only be used within a function body.\n(8,7): error TS1128: Declaration or statement expected.\n(8,8): error TS1128: Declaration or statement expected.\n*/")()}catch(e){return false;}}());
</script>

        <tr class="subtest" data-parent="function_name_property">
          <td><span>object methods (class)</span></td>
<script data-source="/* Error during compilation: 
(2,16): error TS1109: Expression expected.
(2,22): error TS1005: ':' expected.
(2,31): error TS1109: Expression expected.
(2,37): error TS1005: ':' expected.
(2,41): error TS1005: ',' expected.
(2,44): error TS1005: ')' expected.
(3,9): error TS1109: Expression expected.
(4,1): error TS1108: A 'return' statement can only be used within a function body.
(7,7): error TS1128: Declaration or statement expected.
(7,8): error TS1128: Declaration or statement expected.
*/">
test(function(){try{return Function("/* Error during compilation: \n(2,16): error TS1109: Expression expected.\n(2,22): error TS1005: ':' expected.\n(2,31): error TS1109: Expression expected.\n(2,37): error TS1005: ':' expected.\n(2,41): error TS1005: ',' expected.\n(2,44): error TS1005: ')' expected.\n(3,9): error TS1109: Expression expected.\n(4,1): error TS1108: A 'return' statement can only be used within a function body.\n(7,7): error TS1128: Declaration or statement expected.\n(7,8): error TS1128: Declaration or statement expected.\n*/")()}catch(e){return false;}}());
</script>

        <tr class="subtest" data-parent="function_name_property">
          <td><span>class prototype methods</span></td>
<script data-source="/* Error during compilation: 
(2,1): error TS1129: Statement expected.
(3,1): error TS1108: A 'return' statement can only be used within a function body.
(4,7): error TS1128: Declaration or statement expected.
(4,8): error TS1128: Declaration or statement expected.
*/">
test(function(){try{return Function("/* Error during compilation: \n(2,1): error TS1129: Statement expected.\n(3,1): error TS1108: A 'return' statement can only be used within a function body.\n(4,7): error TS1128: Declaration or statement expected.\n(4,8): error TS1128: Declaration or statement expected.\n*/")()}catch(e){return false;}}());
</script>

        <tr class="subtest" data-parent="function_name_property">
          <td><span>class static methods</span></td>
<script data-source="/* Error during compilation: 
(2,1): error TS1129: Statement expected.
(3,1): error TS1108: A 'return' statement can only be used within a function body.
(4,7): error TS1128: Declaration or statement expected.
(4,8): error TS1128: Declaration or statement expected.
*/">
test(function(){try{return Function("/* Error during compilation: \n(2,1): error TS1129: Statement expected.\n(3,1): error TS1108: A 'return' statement can only be used within a function body.\n(4,7): error TS1128: Declaration or statement expected.\n(4,8): error TS1128: Declaration or statement expected.\n*/")()}catch(e){return false;}}());
</script>

        <tr class="subtest" data-parent="function_name_property">
          <td><span>isn't writable, is configurable</span></td>
<script data-source="(function () {
    var descriptor = Object.getOwnPropertyDescriptor(function () {
    }, &quot;name&quot;);
    return descriptor.enumerable === false && descriptor.writable === false && descriptor.configurable === true;
});
">
test(function(){try{return eval("(function () {\n    var descriptor = Object.getOwnPropertyDescriptor(function () {\n    }, \"name\");\n    return descriptor.enumerable === false && descriptor.writable === false && descriptor.configurable === true;\n});\n")()}catch(e){return false;}}());
</script>

        </tr>
        <tr>
          <td id="Function.prototype.toMethod"><span><a class="anchor" href="#Function.prototype.toMethod">&sect;</a><a href="http://people.mozilla.org/~jorendorff/es6-draft.html#sec-function.prototype.tomethod">Function.prototype.toMethod</a></span></td>
<script data-source="/* Error during compilation: 
(2,34): error TS2339: Property 'toMethod' does not exist on type 'Function'.
*/">
test(function(){try{return Function("/* Error during compilation: \n(2,34): error TS2339: Property 'toMethod' does not exist on type 'Function'.\n*/")()}catch(e){return false;}}());
</script>

        </tr>
        <tr class="supertest">
          <td id="String_static_methods"><span><a class="anchor" href="#String_static_methods">&sect;</a><a href="http://people.mozilla.org/~jorendorff/es6-draft.html#sec-properties-of-the-string-constructor">String static methods</a></span></td>

        <tr class="subtest" data-parent="String_static_methods">
          <td><span>String.raw</span></td>
<script data-source="/* Error during compilation: 
(2,22): error TS2339: Property 'raw' does not exist on type '{ (value?: any): string; new (value?: any): String; prototype: String; fromCharCode(...codes: num...'.
*/">
test(function(){try{return Function("/* Error during compilation: \n(2,22): error TS2339: Property 'raw' does not exist on type '{ (value?: any): string; new (value?: any): String; prototype: String; fromCharCode(...codes: num...'.\n*/")()}catch(e){return false;}}());
</script>

        <tr class="subtest" data-parent="String_static_methods">
          <td><span>String.fromCodePoint</span></td>
<script data-source="/* Error during compilation: 
(2,22): error TS2339: Property 'fromCodePoint' does not exist on type '{ (value?: any): string; new (value?: any): String; prototype: String; fromCharCode(...codes: num...'.
*/">
test(function(){try{return Function("/* Error during compilation: \n(2,22): error TS2339: Property 'fromCodePoint' does not exist on type '{ (value?: any): string; new (value?: any): String; prototype: String; fromCharCode(...codes: num...'.\n*/")()}catch(e){return false;}}());
</script>

        </tr>
        <tr class="supertest">
          <td id="String.prototype_methods"><span><a class="anchor" href="#String.prototype_methods">&sect;</a><a href="http://people.mozilla.org/~jorendorff/es6-draft.html#sec-properties-of-the-string-prototype-object">String.prototype methods</a></span></td>

        <tr class="subtest" data-parent="String.prototype_methods">
          <td><span>String.prototype.codePointAt</span></td>
<script data-source="/* Error during compilation: 
(2,32): error TS2339: Property 'codePointAt' does not exist on type 'String'.
*/">
test(function(){try{return Function("/* Error during compilation: \n(2,32): error TS2339: Property 'codePointAt' does not exist on type 'String'.\n*/")()}catch(e){return false;}}());
</script>

        <tr class="subtest" data-parent="String.prototype_methods">
          <td><span>String.prototype.normalize</span></td>
<script data-source="/* Error during compilation: 
(2,32): error TS2339: Property 'normalize' does not exist on type 'String'.
(3,22): error TS2339: Property 'normalize' does not exist on type 'string'.
(4,15): error TS2339: Property 'normalize' does not exist on type 'string'.
*/">
test(function(){try{return Function("/* Error during compilation: \n(2,32): error TS2339: Property 'normalize' does not exist on type 'String'.\n(3,22): error TS2339: Property 'normalize' does not exist on type 'string'.\n(4,15): error TS2339: Property 'normalize' does not exist on type 'string'.\n*/")()}catch(e){return false;}}());
</script>

        <tr class="subtest" data-parent="String.prototype_methods">
          <td><span>String.prototype.repeat</span></td>
<script data-source="/* Error during compilation: 
(2,32): error TS2339: Property 'repeat' does not exist on type 'String'.
(3,12): error TS2339: Property 'repeat' does not exist on type 'string'.
*/">
test(function(){try{return Function("/* Error during compilation: \n(2,32): error TS2339: Property 'repeat' does not exist on type 'String'.\n(3,12): error TS2339: Property 'repeat' does not exist on type 'string'.\n*/")()}catch(e){return false;}}());
</script>

        <tr class="subtest" data-parent="String.prototype_methods">
          <td><span>String.prototype.startsWith</span></td>
<script data-source="/* Error during compilation: 
(2,32): error TS2339: Property 'startsWith' does not exist on type 'String'.
(3,15): error TS2339: Property 'startsWith' does not exist on type 'string'.
*/">
test(function(){try{return Function("/* Error during compilation: \n(2,32): error TS2339: Property 'startsWith' does not exist on type 'String'.\n(3,15): error TS2339: Property 'startsWith' does not exist on type 'string'.\n*/")()}catch(e){return false;}}());
</script>

        <tr class="subtest" data-parent="String.prototype_methods">
          <td><span>String.prototype.endsWith</span></td>
<script data-source="/* Error during compilation: 
(2,32): error TS2339: Property 'endsWith' does not exist on type 'String'.
(3,15): error TS2339: Property 'endsWith' does not exist on type 'string'.
*/">
test(function(){try{return Function("/* Error during compilation: \n(2,32): error TS2339: Property 'endsWith' does not exist on type 'String'.\n(3,15): error TS2339: Property 'endsWith' does not exist on type 'string'.\n*/")()}catch(e){return false;}}());
</script>

        <tr class="subtest" data-parent="String.prototype_methods">
          <td><span>String.prototype.contains</span></td>
<script data-source="/* Error during compilation: 
(2,32): error TS2339: Property 'contains' does not exist on type 'String'.
(3,15): error TS2339: Property 'contains' does not exist on type 'string'.
*/">
test(function(){try{return Function("/* Error during compilation: \n(2,32): error TS2339: Property 'contains' does not exist on type 'String'.\n(3,15): error TS2339: Property 'contains' does not exist on type 'string'.\n*/")()}catch(e){return false;}}());
</script>

        </tr>
        <tr>
          <td id="Unicode_code_point_escapes"><span><a class="anchor" href="#Unicode_code_point_escapes">&sect;</a><a href="https://people.mozilla.org/~jorendorff/es6-draft.html#sec-literals-string-literals">Unicode code point escapes</a></span></td>
<script data-source="/* Error during compilation: 
(2,11): error TS1125: Hexadecimal digit expected.
*/">
test(function(){try{return Function("/* Error during compilation: \n(2,11): error TS1125: Hexadecimal digit expected.\n*/")()}catch(e){return false;}}());
</script>

        </tr>
        <tr class="supertest">
          <td id="Symbol"><span><a class="anchor" href="#Symbol">&sect;</a><a href="http://people.mozilla.org/~jorendorff/es6-draft.html#sec-symbol-constructor">Symbol</a></span></td>

        <tr class="subtest" data-parent="Symbol">
          <td><span>basic functionality</span></td>
<script data-source="/* Error during compilation: 
(3,14): error TS2304: Cannot find name 'Symbol'.
*/">
test(function(){try{return Function("/* Error during compilation: \n(3,14): error TS2304: Cannot find name 'Symbol'.\n*/")()}catch(e){return false;}}());
</script>

        <tr class="subtest" data-parent="Symbol">
          <td><span>typeof support</span></td>
<script data-source="/* Error during compilation: 
(2,15): error TS2304: Cannot find name 'Symbol'.
*/">
test(function(){try{return Function("/* Error during compilation: \n(2,15): error TS2304: Cannot find name 'Symbol'.\n*/")()}catch(e){return false;}}());
</script>

        <tr class="subtest" data-parent="Symbol">
          <td><span>symbol keys are hidden to pre-ES6 code</span></td>
<script data-source="/* Error during compilation: 
(3,14): error TS2304: Cannot find name 'Symbol'.
(10,3): error TS2447: The '&=' operator is not allowed for boolean types. Consider using '&&' instead.
*/">
test(function(){try{return Function("/* Error during compilation: \n(3,14): error TS2304: Cannot find name 'Symbol'.\n(10,3): error TS2447: The '&=' operator is not allowed for boolean types. Consider using '&&' instead.\n*/")()}catch(e){return false;}}());
</script>

        <tr class="subtest" data-parent="Symbol">
          <td><span>Object.defineProperty support</span></td>
<script data-source="/* Error during compilation: 
(3,14): error TS2304: Cannot find name 'Symbol'.
(11,8): error TS2304: Cannot find name 'passed'.
*/">
test(function(){try{return Function("/* Error during compilation: \n(3,14): error TS2304: Cannot find name 'Symbol'.\n(11,8): error TS2304: Cannot find name 'passed'.\n*/")()}catch(e){return false;}}());
</script>

        <tr class="subtest" data-parent="Symbol">
          <td><span>cannot coerce to string or number</span></td>
<script data-source="/* Error during compilation: 
(2,14): error TS2304: Cannot find name 'Symbol'.
*/">
test(function(){try{return Function("/* Error during compilation: \n(2,14): error TS2304: Cannot find name 'Symbol'.\n*/")()}catch(e){return false;}}());
</script>

        <tr class="subtest" data-parent="Symbol">
          <td><span>can convert with String()</span></td>
<script data-source="/* Error during compilation: 
(2,15): error TS2304: Cannot find name 'Symbol'.
*/">
test(function(){try{return Function("/* Error during compilation: \n(2,15): error TS2304: Cannot find name 'Symbol'.\n*/")()}catch(e){return false;}}());
</script>

        <tr class="subtest" data-parent="Symbol">
          <td><span>new Symbol() throws</span></td>
<script data-source="/* Error during compilation: 
(2,14): error TS2304: Cannot find name 'Symbol'.
(4,7): error TS2304: Cannot find name 'Symbol'.
*/">
test(function(){try{return Function("/* Error during compilation: \n(2,14): error TS2304: Cannot find name 'Symbol'.\n(4,7): error TS2304: Cannot find name 'Symbol'.\n*/")()}catch(e){return false;}}());
</script>

        <tr class="subtest" data-parent="Symbol">
          <td><span>Object(symbol)</span></td>
<script data-source="/* Error during compilation: 
(2,14): error TS2304: Cannot find name 'Symbol'.
*/">
test(function(){try{return Function("/* Error during compilation: \n(2,14): error TS2304: Cannot find name 'Symbol'.\n*/")()}catch(e){return false;}}());
</script>

        </tr>
        <tr>
          <td id="global_symbol_registry"><span><a class="anchor" href="#global_symbol_registry">&sect;</a><a href="https://people.mozilla.org/~jorendorff/es6-draft.html#sec-symbol.for">global symbol registry</a></span></td>
<script data-source="/* Error during compilation: 
(2,14): error TS2304: Cannot find name 'Symbol'.
(3,8): error TS2304: Cannot find name 'Symbol'.
(4,8): error TS2304: Cannot find name 'Symbol'.
*/">
test(function(){try{return Function("/* Error during compilation: \n(2,14): error TS2304: Cannot find name 'Symbol'.\n(3,8): error TS2304: Cannot find name 'Symbol'.\n(4,8): error TS2304: Cannot find name 'Symbol'.\n*/")()}catch(e){return false;}}());
</script>

        </tr>
        <tr class="supertest">
          <td id="well-known_symbols"><span><a class="anchor" href="#well-known_symbols">&sect;</a><a href="http://people.mozilla.org/~jorendorff/es6-draft.html#sec-well-known-symbols">well-known symbols</a></span></td>

        <tr class="subtest" data-parent="well-known_symbols">
          <td><span>Symbol.hasInstance</span></td>
<script data-source="/* Error during compilation: 
(5,3): error TS2304: Cannot find name 'Symbol'.
*/">
test(function(){try{return Function("/* Error during compilation: \n(5,3): error TS2304: Cannot find name 'Symbol'.\n*/")()}catch(e){return false;}}());
</script>

        <tr class="subtest" data-parent="well-known_symbols">
          <td><span>Symbol.isConcatSpreadable</span></td>
<script data-source="/* Error during compilation: 
(3,3): error TS2304: Cannot find name 'Symbol'.
*/">
test(function(){try{return Function("/* Error during compilation: \n(3,3): error TS2304: Cannot find name 'Symbol'.\n*/")()}catch(e){return false;}}());
</script>

        <tr class="subtest" data-parent="well-known_symbols">
          <td><span>Symbol.isRegExp</span></td>
<script data-source="/* Error during compilation: 
(2,25): error TS2304: Cannot find name 'Symbol'.
*/">
test(function(){try{return Function("/* Error during compilation: \n(2,25): error TS2304: Cannot find name 'Symbol'.\n*/")()}catch(e){return false;}}());
</script>

        <tr class="subtest" data-parent="well-known_symbols">
          <td><span>Symbol.iterator</span></td>
<script data-source="/* Error during compilation: 
(14,8): error TS1005: ';' expected.
(14,11): error TS1005: ';' expected.
*/">
test(function(){try{return Function("/* Error during compilation: \n(14,8): error TS1005: ';' expected.\n(14,11): error TS1005: ';' expected.\n*/")()}catch(e){return false;}}());
</script>

        <tr class="subtest" data-parent="well-known_symbols">
          <td><span>Symbol.toPrimitive</span></td>
<script data-source="/* Error during compilation: 
(4,3): error TS2304: Cannot find name 'Symbol'.
(4,42): error TS2365: Operator '+=' cannot be applied to types 'number' and 'boolean'.
(5,3): error TS2304: Cannot find name 'Symbol'.
(5,42): error TS2365: Operator '+=' cannot be applied to types 'number' and 'boolean'.
(6,3): error TS2304: Cannot find name 'Symbol'.
(6,42): error TS2365: Operator '+=' cannot be applied to types 'number' and 'boolean'.
(9,1): error TS2360: The left-hand side of an 'in' expression must be of types 'any', 'string' or 'number'.
*/">
test(function(){try{return Function("/* Error during compilation: \n(4,3): error TS2304: Cannot find name 'Symbol'.\n(4,42): error TS2365: Operator '+=' cannot be applied to types 'number' and 'boolean'.\n(5,3): error TS2304: Cannot find name 'Symbol'.\n(5,42): error TS2365: Operator '+=' cannot be applied to types 'number' and 'boolean'.\n(6,3): error TS2304: Cannot find name 'Symbol'.\n(6,42): error TS2365: Operator '+=' cannot be applied to types 'number' and 'boolean'.\n(9,1): error TS2360: The left-hand side of an 'in' expression must be of types 'any', 'string' or 'number'.\n*/")()}catch(e){return false;}}());
</script>

        <tr class="subtest" data-parent="well-known_symbols">
          <td><span>Symbol.toStringTag</span></td>
<script data-source="/* Error during compilation: 
(3,3): error TS2304: Cannot find name 'Symbol'.
*/">
test(function(){try{return Function("/* Error during compilation: \n(3,3): error TS2304: Cannot find name 'Symbol'.\n*/")()}catch(e){return false;}}());
</script>

        <tr class="subtest" data-parent="well-known_symbols">
          <td><span>Symbol.unscopables</span></td>
<script data-source="/* Error during compilation: 
(3,3): error TS2304: Cannot find name 'Symbol'.
(4,7): error TS2410: All symbols within a 'with' block will be resolved to 'any'.
*/">
test(function(){try{return Function("/* Error during compilation: \n(3,3): error TS2304: Cannot find name 'Symbol'.\n(4,7): error TS2410: All symbols within a 'with' block will be resolved to 'any'.\n*/")()}catch(e){return false;}}());
</script>

        </tr>
        <tr class="supertest">
          <td id="RegExp.prototype_methods"><span><a class="anchor" href="#RegExp.prototype_methods">&sect;</a><a href="http://people.mozilla.org/~jorendorff/es6-draft.html#sec-regexp.prototype">RegExp.prototype methods</a></span></td>

        <tr class="subtest" data-parent="RegExp.prototype_methods">
          <td><span>RegExp.prototype.match</span></td>
<script data-source="(function () {
    return typeof RegExp.prototype.match === 'function';
});
">
test(function(){try{return eval("(function () {\n    return typeof RegExp.prototype.match === 'function';\n});\n")()}catch(e){return false;}}());
</script>

        <tr class="subtest" data-parent="RegExp.prototype_methods">
          <td><span>RegExp.prototype.replace</span></td>
<script data-source="(function () {
    return typeof RegExp.prototype.replace === 'function';
});
">
test(function(){try{return eval("(function () {\n    return typeof RegExp.prototype.replace === 'function';\n});\n")()}catch(e){return false;}}());
</script>

        <tr class="subtest" data-parent="RegExp.prototype_methods">
          <td><span>RegExp.prototype.split</span></td>
<script data-source="(function () {
    return typeof RegExp.prototype.split === 'function';
});
">
test(function(){try{return eval("(function () {\n    return typeof RegExp.prototype.split === 'function';\n});\n")()}catch(e){return false;}}());
</script>

        <tr class="subtest" data-parent="RegExp.prototype_methods">
          <td><span>RegExp.prototype.search</span></td>
<script data-source="(function () {
    return typeof RegExp.prototype.search === 'function';
});
">
test(function(){try{return eval("(function () {\n    return typeof RegExp.prototype.search === 'function';\n});\n")()}catch(e){return false;}}());
</script>

        </tr>
        <tr class="supertest">
          <td id="Array_static_methods"><span><a class="anchor" href="#Array_static_methods">&sect;</a><a href="http://people.mozilla.org/~jorendorff/es6-draft.html#sec-properties-of-the-array-constructor">Array static methods</a></span></td>

        <tr class="subtest" data-parent="Array_static_methods">
          <td><span>Array.from</span></td>
<script data-source="/* Error during compilation: 
(2,21): error TS2339: Property 'from' does not exist on type '{ (arrayLength?: number): any[]; <T>(arrayLength: number): T[]; <T>(...items: T[]): T[]; new (arr...'.
*/">
test(function(){try{return Function("/* Error during compilation: \n(2,21): error TS2339: Property 'from' does not exist on type '{ (arrayLength?: number): any[]; <T>(arrayLength: number): T[]; <T>(...items: T[]): T[]; new (arr...'.\n*/")()}catch(e){return false;}}());
</script>

        <tr class="subtest" data-parent="Array_static_methods">
          <td><span>Array.of</span></td>
<script data-source="/* Error during compilation: 
(2,21): error TS2339: Property 'of' does not exist on type '{ (arrayLength?: number): any[]; <T>(arrayLength: number): T[]; <T>(...items: T[]): T[]; new (arr...'.
(3,9): error TS2339: Property 'of' does not exist on type '{ (arrayLength?: number): any[]; <T>(arrayLength: number): T[]; <T>(...items: T[]): T[]; new (arr...'.
*/">
test(function(){try{return Function("/* Error during compilation: \n(2,21): error TS2339: Property 'of' does not exist on type '{ (arrayLength?: number): any[]; <T>(arrayLength: number): T[]; <T>(...items: T[]): T[]; new (arr...'.\n(3,9): error TS2339: Property 'of' does not exist on type '{ (arrayLength?: number): any[]; <T>(arrayLength: number): T[]; <T>(...items: T[]): T[]; new (arr...'.\n*/")()}catch(e){return false;}}());
</script>

        </tr>
        <tr class="supertest">
          <td id="Array.prototype_methods"><span><a class="anchor" href="#Array.prototype_methods">&sect;</a><a href="http://people.mozilla.org/~jorendorff/es6-draft.html#sec-properties-of-the-array-prototype-object">Array.prototype methods</a></span></td>

        <tr class="subtest" data-parent="Array.prototype_methods">
          <td><span>Array.prototype.copyWithin</span></td>
<script data-source="/* Error during compilation: 
(2,31): error TS2339: Property 'copyWithin' does not exist on type 'any[]'.
*/">
test(function(){try{return Function("/* Error during compilation: \n(2,31): error TS2339: Property 'copyWithin' does not exist on type 'any[]'.\n*/")()}catch(e){return false;}}());
</script>

        <tr class="subtest" data-parent="Array.prototype_methods">
          <td><span>Array.prototype.find</span></td>
<script data-source="/* Error during compilation: 
(2,31): error TS2339: Property 'find' does not exist on type 'any[]'.
*/">
test(function(){try{return Function("/* Error during compilation: \n(2,31): error TS2339: Property 'find' does not exist on type 'any[]'.\n*/")()}catch(e){return false;}}());
</script>

        <tr class="subtest" data-parent="Array.prototype_methods">
          <td><span>Array.prototype.findIndex</span></td>
<script data-source="/* Error during compilation: 
(2,31): error TS2339: Property 'findIndex' does not exist on type 'any[]'.
*/">
test(function(){try{return Function("/* Error during compilation: \n(2,31): error TS2339: Property 'findIndex' does not exist on type 'any[]'.\n*/")()}catch(e){return false;}}());
</script>

        <tr class="subtest" data-parent="Array.prototype_methods">
          <td><span>Array.prototype.fill</span></td>
<script data-source="/* Error during compilation: 
(2,31): error TS2339: Property 'fill' does not exist on type 'any[]'.
*/">
test(function(){try{return Function("/* Error during compilation: \n(2,31): error TS2339: Property 'fill' does not exist on type 'any[]'.\n*/")()}catch(e){return false;}}());
</script>

        <tr class="subtest" data-parent="Array.prototype_methods">
          <td><span>Array.prototype.keys</span></td>
<script data-source="/* Error during compilation: 
(2,31): error TS2339: Property 'keys' does not exist on type 'any[]'.
*/">
test(function(){try{return Function("/* Error during compilation: \n(2,31): error TS2339: Property 'keys' does not exist on type 'any[]'.\n*/")()}catch(e){return false;}}());
</script>

        <tr class="subtest" data-parent="Array.prototype_methods">
          <td><span>Array.prototype.values</span></td>
<script data-source="/* Error during compilation: 
(2,31): error TS2339: Property 'values' does not exist on type 'any[]'.
*/">
test(function(){try{return Function("/* Error during compilation: \n(2,31): error TS2339: Property 'values' does not exist on type 'any[]'.\n*/")()}catch(e){return false;}}());
</script>

        <tr class="subtest" data-parent="Array.prototype_methods">
          <td><span>Array.prototype.entries</span></td>
<script data-source="/* Error during compilation: 
(2,31): error TS2339: Property 'entries' does not exist on type 'any[]'.
*/">
test(function(){try{return Function("/* Error during compilation: \n(2,31): error TS2339: Property 'entries' does not exist on type 'any[]'.\n*/")()}catch(e){return false;}}());
</script>

        <tr class="subtest" data-parent="Array.prototype_methods">
          <td><span>Array.prototype[Symbol.unscopables]</span></td>
<script data-source="/* Error during compilation: 
(2,35): error TS2304: Cannot find name 'Symbol'.
*/">
test(function(){try{return Function("/* Error during compilation: \n(2,35): error TS2304: Cannot find name 'Symbol'.\n*/")()}catch(e){return false;}}());
</script>

        </tr>
        <tr class="supertest">
          <td id="Number_properties"><span><a class="anchor" href="#Number_properties">&sect;</a><a href="https://people.mozilla.org/~jorendorff/es6-draft.html#sec-isfinite-number">Number properties</a></span></td>

        <tr class="subtest" data-parent="Number_properties">
          <td><span>Number.isFinite</span></td>
<script data-source="/* Error during compilation: 
(2,22): error TS2339: Property 'isFinite' does not exist on type '{ (value?: any): number; new (value?: any): Number; prototype: Number; MAX_VALUE: number; MIN_VAL...'.
*/">
test(function(){try{return Function("/* Error during compilation: \n(2,22): error TS2339: Property 'isFinite' does not exist on type '{ (value?: any): number; new (value?: any): Number; prototype: Number; MAX_VALUE: number; MIN_VAL...'.\n*/")()}catch(e){return false;}}());
</script>

        <tr class="subtest" data-parent="Number_properties">
          <td><span>Number.isInteger</span></td>
<script data-source="/* Error during compilation: 
(2,22): error TS2339: Property 'isInteger' does not exist on type '{ (value?: any): number; new (value?: any): Number; prototype: Number; MAX_VALUE: number; MIN_VAL...'.
*/">
test(function(){try{return Function("/* Error during compilation: \n(2,22): error TS2339: Property 'isInteger' does not exist on type '{ (value?: any): number; new (value?: any): Number; prototype: Number; MAX_VALUE: number; MIN_VAL...'.\n*/")()}catch(e){return false;}}());
</script>

        <tr class="subtest" data-parent="Number_properties">
          <td><span>Number.isSafeInteger</span></td>
<script data-source="/* Error during compilation: 
(2,22): error TS2339: Property 'isSafeInteger' does not exist on type '{ (value?: any): number; new (value?: any): Number; prototype: Number; MAX_VALUE: number; MIN_VAL...'.
*/">
test(function(){try{return Function("/* Error during compilation: \n(2,22): error TS2339: Property 'isSafeInteger' does not exist on type '{ (value?: any): number; new (value?: any): Number; prototype: Number; MAX_VALUE: number; MIN_VAL...'.\n*/")()}catch(e){return false;}}());
</script>

        <tr class="subtest" data-parent="Number_properties">
          <td><span>Number.isNaN</span></td>
<script data-source="/* Error during compilation: 
(2,22): error TS2339: Property 'isNaN' does not exist on type '{ (value?: any): number; new (value?: any): Number; prototype: Number; MAX_VALUE: number; MIN_VAL...'.
*/">
test(function(){try{return Function("/* Error during compilation: \n(2,22): error TS2339: Property 'isNaN' does not exist on type '{ (value?: any): number; new (value?: any): Number; prototype: Number; MAX_VALUE: number; MIN_VAL...'.\n*/")()}catch(e){return false;}}());
</script>

        <tr class="subtest" data-parent="Number_properties">
          <td><span>Number.EPSILON</span></td>
<script data-source="/* Error during compilation: 
(2,22): error TS2339: Property 'EPSILON' does not exist on type '{ (value?: any): number; new (value?: any): Number; prototype: Number; MAX_VALUE: number; MIN_VAL...'.
*/">
test(function(){try{return Function("/* Error during compilation: \n(2,22): error TS2339: Property 'EPSILON' does not exist on type '{ (value?: any): number; new (value?: any): Number; prototype: Number; MAX_VALUE: number; MIN_VAL...'.\n*/")()}catch(e){return false;}}());
</script>

        <tr class="subtest" data-parent="Number_properties">
          <td><span>Number.MIN_SAFE_INTEGER</span></td>
<script data-source="/* Error during compilation: 
(2,22): error TS2339: Property 'MIN_SAFE_INTEGER' does not exist on type '{ (value?: any): number; new (value?: any): Number; prototype: Number; MAX_VALUE: number; MIN_VAL...'.
*/">
test(function(){try{return Function("/* Error during compilation: \n(2,22): error TS2339: Property 'MIN_SAFE_INTEGER' does not exist on type '{ (value?: any): number; new (value?: any): Number; prototype: Number; MAX_VALUE: number; MIN_VAL...'.\n*/")()}catch(e){return false;}}());
</script>

        <tr class="subtest" data-parent="Number_properties">
          <td><span>Number.MAX_SAFE_INTEGER</span></td>
<script data-source="/* Error during compilation: 
(2,22): error TS2339: Property 'MAX_SAFE_INTEGER' does not exist on type '{ (value?: any): number; new (value?: any): Number; prototype: Number; MAX_VALUE: number; MIN_VAL...'.
*/">
test(function(){try{return Function("/* Error during compilation: \n(2,22): error TS2339: Property 'MAX_SAFE_INTEGER' does not exist on type '{ (value?: any): number; new (value?: any): Number; prototype: Number; MAX_VALUE: number; MIN_VAL...'.\n*/")()}catch(e){return false;}}());
</script>

        </tr>
        <tr class="supertest">
          <td id="Math_methods"><span><a class="anchor" href="#Math_methods">&sect;</a><a href="https://people.mozilla.org/~jorendorff/es6-draft.html#sec-math">Math methods</a></span></td>

        <tr class="subtest" data-parent="Math_methods">
          <td><span>Math.clz32</span></td>
<script data-source="/* Error during compilation: 
(2,20): error TS2339: Property 'clz32' does not exist on type 'Math'.
*/">
test(function(){try{return Function("/* Error during compilation: \n(2,20): error TS2339: Property 'clz32' does not exist on type 'Math'.\n*/")()}catch(e){return false;}}());
</script>

        <tr class="subtest" data-parent="Math_methods">
          <td><span>Math.imul</span></td>
<script data-source="/* Error during compilation: 
(2,20): error TS2339: Property 'imul' does not exist on type 'Math'.
*/">
test(function(){try{return Function("/* Error during compilation: \n(2,20): error TS2339: Property 'imul' does not exist on type 'Math'.\n*/")()}catch(e){return false;}}());
</script>

        <tr class="subtest" data-parent="Math_methods">
          <td><span>Math.sign</span></td>
<script data-source="/* Error during compilation: 
(2,20): error TS2339: Property 'sign' does not exist on type 'Math'.
*/">
test(function(){try{return Function("/* Error during compilation: \n(2,20): error TS2339: Property 'sign' does not exist on type 'Math'.\n*/")()}catch(e){return false;}}());
</script>

        <tr class="subtest" data-parent="Math_methods">
          <td><span>Math.log10</span></td>
<script data-source="/* Error during compilation: 
(2,20): error TS2339: Property 'log10' does not exist on type 'Math'.
*/">
test(function(){try{return Function("/* Error during compilation: \n(2,20): error TS2339: Property 'log10' does not exist on type 'Math'.\n*/")()}catch(e){return false;}}());
</script>

        <tr class="subtest" data-parent="Math_methods">
          <td><span>Math.log2</span></td>
<script data-source="/* Error during compilation: 
(2,20): error TS2339: Property 'log2' does not exist on type 'Math'.
*/">
test(function(){try{return Function("/* Error during compilation: \n(2,20): error TS2339: Property 'log2' does not exist on type 'Math'.\n*/")()}catch(e){return false;}}());
</script>

        <tr class="subtest" data-parent="Math_methods">
          <td><span>Math.log1p</span></td>
<script data-source="/* Error during compilation: 
(2,20): error TS2339: Property 'log1p' does not exist on type 'Math'.
*/">
test(function(){try{return Function("/* Error during compilation: \n(2,20): error TS2339: Property 'log1p' does not exist on type 'Math'.\n*/")()}catch(e){return false;}}());
</script>

        <tr class="subtest" data-parent="Math_methods">
          <td><span>Math.expm1</span></td>
<script data-source="/* Error during compilation: 
(2,20): error TS2339: Property 'expm1' does not exist on type 'Math'.
*/">
test(function(){try{return Function("/* Error during compilation: \n(2,20): error TS2339: Property 'expm1' does not exist on type 'Math'.\n*/")()}catch(e){return false;}}());
</script>

        <tr class="subtest" data-parent="Math_methods">
          <td><span>Math.cosh</span></td>
<script data-source="/* Error during compilation: 
(2,20): error TS2339: Property 'cosh' does not exist on type 'Math'.
*/">
test(function(){try{return Function("/* Error during compilation: \n(2,20): error TS2339: Property 'cosh' does not exist on type 'Math'.\n*/")()}catch(e){return false;}}());
</script>

        <tr class="subtest" data-parent="Math_methods">
          <td><span>Math.sinh</span></td>
<script data-source="/* Error during compilation: 
(2,20): error TS2339: Property 'sinh' does not exist on type 'Math'.
*/">
test(function(){try{return Function("/* Error during compilation: \n(2,20): error TS2339: Property 'sinh' does not exist on type 'Math'.\n*/")()}catch(e){return false;}}());
</script>

        <tr class="subtest" data-parent="Math_methods">
          <td><span>Math.tanh</span></td>
<script data-source="/* Error during compilation: 
(2,20): error TS2339: Property 'tanh' does not exist on type 'Math'.
*/">
test(function(){try{return Function("/* Error during compilation: \n(2,20): error TS2339: Property 'tanh' does not exist on type 'Math'.\n*/")()}catch(e){return false;}}());
</script>

        <tr class="subtest" data-parent="Math_methods">
          <td><span>Math.acosh</span></td>
<script data-source="/* Error during compilation: 
(2,20): error TS2339: Property 'acosh' does not exist on type 'Math'.
*/">
test(function(){try{return Function("/* Error during compilation: \n(2,20): error TS2339: Property 'acosh' does not exist on type 'Math'.\n*/")()}catch(e){return false;}}());
</script>

        <tr class="subtest" data-parent="Math_methods">
          <td><span>Math.asinh</span></td>
<script data-source="/* Error during compilation: 
(2,20): error TS2339: Property 'asinh' does not exist on type 'Math'.
*/">
test(function(){try{return Function("/* Error during compilation: \n(2,20): error TS2339: Property 'asinh' does not exist on type 'Math'.\n*/")()}catch(e){return false;}}());
</script>

        <tr class="subtest" data-parent="Math_methods">
          <td><span>Math.atanh</span></td>
<script data-source="/* Error during compilation: 
(2,20): error TS2339: Property 'atanh' does not exist on type 'Math'.
*/">
test(function(){try{return Function("/* Error during compilation: \n(2,20): error TS2339: Property 'atanh' does not exist on type 'Math'.\n*/")()}catch(e){return false;}}());
</script>

        <tr class="subtest" data-parent="Math_methods">
          <td><span>Math.hypot</span></td>
<script data-source="/* Error during compilation: 
(2,20): error TS2339: Property 'hypot' does not exist on type 'Math'.
*/">
test(function(){try{return Function("/* Error during compilation: \n(2,20): error TS2339: Property 'hypot' does not exist on type 'Math'.\n*/")()}catch(e){return false;}}());
</script>

        <tr class="subtest" data-parent="Math_methods">
          <td><span>Math.trunc</span></td>
<script data-source="/* Error during compilation: 
(2,20): error TS2339: Property 'trunc' does not exist on type 'Math'.
*/">
test(function(){try{return Function("/* Error during compilation: \n(2,20): error TS2339: Property 'trunc' does not exist on type 'Math'.\n*/")()}catch(e){return false;}}());
</script>

        <tr class="subtest" data-parent="Math_methods">
          <td><span>Math.fround</span></td>
<script data-source="/* Error during compilation: 
(2,20): error TS2339: Property 'fround' does not exist on type 'Math'.
*/">
test(function(){try{return Function("/* Error during compilation: \n(2,20): error TS2339: Property 'fround' does not exist on type 'Math'.\n*/")()}catch(e){return false;}}());
</script>

        <tr class="subtest" data-parent="Math_methods">
          <td><span>Math.cbrt</span></td>
<script data-source="/* Error during compilation: 
(2,20): error TS2339: Property 'cbrt' does not exist on type 'Math'.
*/">
test(function(){try{return Function("/* Error during compilation: \n(2,20): error TS2339: Property 'cbrt' does not exist on type 'Math'.\n*/")()}catch(e){return false;}}());
</script>

        </tr>
        <tr>
          <th colspan="3" class="separator"></th>
        </tr>
        <tr class="supertest">
          <td id="__proto___in_object_literals"><span><a class="anchor" href="#__proto___in_object_literals">&sect;</a><a href="http://people.mozilla.org/~jorendorff/es6-draft.html#sec-__proto__-property-names-in-object-initializers">__proto__ in object literals</a><a href="#proto-in-object-literals-note"><sup>[2]</sup></a></span></td>

        <tr class="subtest" data-parent="__proto___in_object_literals">
          <td><span>basic support</span></td>
<script data-source="(function () {
    return { __proto__: [] } instanceof Array && !({ __proto__: null } instanceof Object);
});
">
test(function(){try{return eval("(function () {\n    return { __proto__: [] } instanceof Array && !({ __proto__: null } instanceof Object);\n});\n")()}catch(e){return false;}}());
</script>

        <tr class="subtest" data-parent="__proto___in_object_literals">
          <td><span>multiple __proto__ is an error</span></td>
<script data-source="/* Error during compilation: This test's code invokes eval() and cannot be compiled.*/">
test(function(){try{return Function("/* Error during compilation: This test's code invokes eval() and cannot be compiled.*/")()}catch(e){return false;}}());
</script>

        <tr class="subtest" data-parent="__proto___in_object_literals">
          <td><span>not a computed property</span></td>
<script data-source="/* Error during compilation: 
(6,12): error TS1136: Property assignment expected.
(6,16): error TS1005: ')' expected.
(7,7): error TS1128: Declaration or statement expected.
(7,8): error TS1128: Declaration or statement expected.
*/">
test(function(){try{return Function("/* Error during compilation: \n(6,12): error TS1136: Property assignment expected.\n(6,16): error TS1005: ')' expected.\n(7,7): error TS1128: Declaration or statement expected.\n(7,8): error TS1128: Declaration or statement expected.\n*/")()}catch(e){return false;}}());
</script>

        <tr class="subtest" data-parent="__proto___in_object_literals">
          <td><span>not a shorthand property</span></td>
<script data-source="/* Error during compilation: 
(6,22): error TS1005: ':' expected.
*/">
test(function(){try{return Function("/* Error during compilation: \n(6,22): error TS1005: ':' expected.\n*/")()}catch(e){return false;}}());
</script>

        <tr class="subtest" data-parent="__proto___in_object_literals">
          <td><span>not a shorthand method</span></td>
<script data-source="(function () {
    if (!({ __proto__: [] } instanceof Array)) {
        return false;
    }
    return !({ __proto__: function () {
    } } instanceof Function);
});
">
test(function(){try{return eval("(function () {\n    if (!({ __proto__: [] } instanceof Array)) {\n        return false;\n    }\n    return !({ __proto__: function () {\n    } } instanceof Function);\n});\n")()}catch(e){return false;}}());
</script>

        </tr>
        <tr>
          <td id="hoisted_block-level_function_declaration"><span><a class="anchor" href="#hoisted_block-level_function_declaration">&sect;</a><a href="https://people.mozilla.org/~jorendorff/es6-draft.html#sec-block-level-function-declarations-web-legacy-compatibility-semantics">hoisted block-level function declaration</a><a href="#hoisted-block-level-function-note"><sup>[3]</sup></a></span></td>
<script data-source="/* Error during compilation: 
(4,22): error TS2393: Duplicate function implementation.
(4,57): error TS2393: Duplicate function implementation.
(5,22): error TS2393: Duplicate function implementation.
(5,57): error TS2393: Duplicate function implementation.
*/">
test(function(){try{return Function("/* Error during compilation: \n(4,22): error TS2393: Duplicate function implementation.\n(4,57): error TS2393: Duplicate function implementation.\n(5,22): error TS2393: Duplicate function implementation.\n(5,57): error TS2393: Duplicate function implementation.\n*/")()}catch(e){return false;}}());
</script>

        </tr>
        <tr class="supertest">
          <td id="Object.prototype.__proto__"><span><a class="anchor" href="#Object.prototype.__proto__">&sect;</a><a href="http://people.mozilla.org/~jorendorff/es6-draft.html#sec-object.prototype.__proto__">Object.prototype.__proto__</a></span></td>

        <tr class="subtest" data-parent="Object.prototype.__proto__">
          <td><span>get prototype</span></td>
<script data-source="(function () {
    var A = function () {
    };
    return (new A()).__proto__ === A.prototype;
});
">
test(function(){try{return eval("(function () {\n    var A = function () {\n    };\n    return (new A()).__proto__ === A.prototype;\n});\n")()}catch(e){return false;}}());
</script>

        <tr class="subtest" data-parent="Object.prototype.__proto__">
          <td><span>set prototype</span></td>
<script data-source="/* Error during compilation: 
(3,3): error TS2339: Property '__proto__' does not exist on type '{}'.
*/">
test(function(){try{return Function("/* Error during compilation: \n(3,3): error TS2339: Property '__proto__' does not exist on type '{}'.\n*/")()}catch(e){return false;}}());
</script>

        <tr class="subtest" data-parent="Object.prototype.__proto__">
          <td><span>correct property descriptor</span></td>
<script data-source="(function () {
    var desc = Object.getOwnPropertyDescriptor(Object.prototype, &quot;__proto__&quot;);
    var A = function () {
    };
    return (desc && &quot;get&quot; in desc && &quot;set&quot; in desc && desc.configurable && !desc.enumerable);
});
">
test(function(){try{return eval("(function () {\n    var desc = Object.getOwnPropertyDescriptor(Object.prototype, \"__proto__\");\n    var A = function () {\n    };\n    return (desc && \"get\" in desc && \"set\" in desc && desc.configurable && !desc.enumerable);\n});\n")()}catch(e){return false;}}());
</script>

        </tr>
        <tr>
          <td id="String.prototype_HTML_methods"><span><a class="anchor" href="#String.prototype_HTML_methods">&sect;</a><a href="https://people.mozilla.org/~jorendorff/es6-draft.html#sec-string.prototype.anchor">String.prototype HTML methods</a></span></td>
<script data-source="(function () {
    var i, names = [&quot;anchor&quot;, &quot;big&quot;, &quot;bold&quot;, &quot;fixed&quot;, &quot;fontcolor&quot;, &quot;fontsize&quot;, &quot;italics&quot;, &quot;link&quot;, &quot;small&quot;, &quot;strike&quot;, &quot;sub&quot;, &quot;sup&quot;];
    for (i = 0; i < names.length; i++) {
        if (typeof String.prototype[names[i]] !== 'function') {
            return false;
        }
    }
    return true;
});
">
test(function(){try{return eval("(function () {\n    var i, names = [\"anchor\", \"big\", \"bold\", \"fixed\", \"fontcolor\", \"fontsize\", \"italics\", \"link\", \"small\", \"strike\", \"sub\", \"sup\"];\n    for (i = 0; i < names.length; i++) {\n        if (typeof String.prototype[names[i]] !== 'function') {\n            return false;\n        }\n    }\n    return true;\n});\n")()}catch(e){return false;}}());
</script>

        </tr>
        <tr>
          <td id="RegExp.prototype.compile"><span><a class="anchor" href="#RegExp.prototype.compile">&sect;</a><a href="http://people.mozilla.org/~jorendorff/es6-draft.html#sec-regexp.prototype.compile">RegExp.prototype.compile</a></span></td>
<script data-source="(function () {
    return typeof RegExp.prototype.compile === 'function';
});
">
test(function(){try{return eval("(function () {\n    return typeof RegExp.prototype.compile === 'function';\n});\n")()}catch(e){return false;}}());
</script>

        </tr>
      </tbody>
    </table>
    <div id="footnotes">
      <p id="block-level-function-note">
        <sup>[1]</sup> Note that prior to ES6, it was <a href="http://wiki.ecmascript.org/doku.php?id=conventions:no_non_standard_strict_decls">recommended</a> that ES5 implementations forbid block-level declarations in strict mode.
      </p>
      <p id="proto-in-object-literals-note">
        <sup>[2]</sup> Note that this is distinct from the existence or functionality of <code>Object.prototype.__proto__</code>.
      </p>
      <p id="hoisted-block-level-function-note">
        <sup>[3]</sup> Note that the specified semantics is identical to that used by Internet Explorer prior to IE 11.
      </p>
    </div>
  </div>
  <pre class="info-tooltip" style="display:none"></pre>
</body>
</html>
